Build started 30/12/2013 15:46:38.
     1>Project "C:\Users\User\Desktop\לימודים\שנה ב\סמסטר א\מונחה עצמים\projects\EndOfSemesterPro\EndOfSemesterPro\EndOfSemesterPro.vcxproj" on node 2 (Build target(s)).
     1>ClCompile:
         C:\Program Files (x86)\Microsoft Visual Studio 11.0\VC\bin\CL.exe /c /ZI /nologo /W3 /WX- /Od /Oy- /D WIN32 /D _DEBUG /D _CONSOLE /D _UNICODE /D UNICODE /Gm /EHsc /RTC1 /MDd /GS /fp:precise /Zc:wchar_t /Zc:forScope /Fo"Debug\\" /Fd"Debug\vc110.pdb" /Gd /TP /analyze- /errorReport:prompt AdministrativePeopleInterface.cpp
         AdministrativePeopleInterface.cpp
       Link:
         C:\Program Files (x86)\Microsoft Visual Studio 11.0\VC\bin\link.exe /ERRORREPORT:PROMPT /OUT:"C:\Users\User\Desktop\לימודים\שנה ב\סמסטר א\מונחה עצמים\projects\EndOfSemesterPro\Debug\EndOfSemesterPro.exe" /INCREMENTAL /NOLOGO kernel32.lib user32.lib gdi32.lib winspool.lib comdlg32.lib advapi32.lib shell32.lib ole32.lib oleaut32.lib uuid.lib odbc32.lib odbccp32.lib /MANIFEST /MANIFESTUAC:"level='asInvoker' uiAccess='false'" /manifest:embed /DEBUG /PDB:"C:\Users\User\Desktop\לימודים\שנה ב\סמסטר א\מונחה עצמים\projects\EndOfSemesterPro\Debug\EndOfSemesterPro.pdb" /SUBSYSTEM:CONSOLE /TLBID:1 /DYNAMICBASE /NXCOMPAT /IMPLIB:"C:\Users\User\Desktop\לימודים\שנה ב\סמסטר א\מונחה עצמים\projects\EndOfSemesterPro\Debug\EndOfSemesterPro.lib" /MACHINE:X86 Debug\Address.obj
         Debug\AdministrativePeopleInterface.obj
         Debug\AllCourses.obj
         Debug\AllStudents.obj
         Debug\AllTeachers.obj
         Debug\Course.obj
         Debug\Date.obj
         Debug\FirstDegree.obj
         Debug\main.obj
         Debug\NotStuding.obj
         Debug\Person.obj
         Debug\SecondDegree.obj
         Debug\Student.obj
         Debug\StudentInterface.obj
         Debug\Teacher.obj
         Debug\TeacherInterface.obj
         EndOfSemesterPro.vcxproj -> C:\Users\User\Desktop\לימודים\שנה ב\סמסטר א\מונחה עצמים\projects\EndOfSemesterPro\Debug\EndOfSemesterPro.exe
     1>Done Building Project "C:\Users\User\Desktop\לימודים\שנה ב\סמסטר א\מונחה עצמים\projects\EndOfSemesterPro\EndOfSemesterPro\EndOfSemesterPro.vcxproj" (Build target(s)).

Build succeeded.

Time Elapsed 00:00:09.08
