2015-01-10 17:43:21,573  [AWT-EventQueue-0]   il.ac.hit.currencies.ClientGUI - Model is created
2015-01-10 17:43:22,443  [AWT-EventQueue-0]   il.ac.hit.currencies.ClientGUI - Setting the table of currencies for the first time
2015-01-10 17:43:22,454  [AWT-EventQueue-0]   il.ac.hit.currencies.ClientGUI - Gui is loaded
2015-01-10 17:43:25,087  [AWT-EventQueue-0]   il.ac.hit.currencies.ClientGUI - Application is running
2015-01-10 17:44:05,421  [AWT-EventQueue-0]   il.ac.hit.currencies.ClientGUI - User exit the application
2015-01-10 17:46:46,667  [AWT-EventQueue-0]   il.ac.hit.currencies.ClientGUI - Model is created
2015-01-10 17:46:46,801  [AWT-EventQueue-0]   il.ac.hit.currencies.ClientGUI - Setting the table of currencies for the first time
2015-01-10 17:46:46,814  [AWT-EventQueue-0]   il.ac.hit.currencies.ClientGUI - Gui is loaded
2015-01-10 17:46:47,146  [AWT-EventQueue-0]   il.ac.hit.currencies.ClientGUI - Application is running
2015-01-10 17:48:14,250  [AWT-EventQueue-0]   il.ac.hit.currencies.ClientGUI - User exit the application
2015-01-10 17:48:56,645  [AWT-EventQueue-0]   il.ac.hit.currencies.ClientGUI - Model is created
2015-01-10 17:48:56,775  [Thread-1]   il.ac.hit.currencies.ClientGUI - Table updated right now
2015-01-10 17:48:56,811  [AWT-EventQueue-0]   il.ac.hit.currencies.ClientGUI - Setting the table of currencies for the first time
2015-01-10 17:48:56,822  [AWT-EventQueue-0]   il.ac.hit.currencies.ClientGUI - Gui is loaded
2015-01-10 17:48:57,267  [AWT-EventQueue-0]   il.ac.hit.currencies.ClientGUI - Application is running
2015-01-10 17:49:26,531  [AWT-EventQueue-0]   il.ac.hit.currencies.ClientGUI - User exit the application
2015-01-10 17:50:28,736  [AWT-EventQueue-0]   il.ac.hit.currencies.ClientGUI - Model is created
2015-01-10 17:50:28,913  [Thread-1]   il.ac.hit.currencies.ClientGUI - Table updated right now
2015-01-10 17:50:29,369  [AWT-EventQueue-0]   il.ac.hit.currencies.ClientGUI - Setting the table of currencies for the first time
2015-01-10 17:50:29,393  [AWT-EventQueue-0]   il.ac.hit.currencies.ClientGUI - Gui is loaded
2015-01-10 17:54:38,013  [AWT-EventQueue-0]   il.ac.hit.currencies.ClientGUI - Model is created
2015-01-10 17:54:38,161  [AWT-EventQueue-0]   il.ac.hit.currencies.ClientGUI - Setting the table of currencies for the first time
2015-01-10 17:54:38,176  [AWT-EventQueue-0]   il.ac.hit.currencies.ClientGUI - Gui is loaded
2015-01-10 17:54:38,533  [AWT-EventQueue-0]   il.ac.hit.currencies.ClientGUI - Application is running
2015-01-10 17:55:38,313  [Thread-1]   il.ac.hit.currencies.ClientGUI - Table updated right now
2015-01-10 17:55:48,658  [AWT-EventQueue-0]   il.ac.hit.currencies.ClientGUI - User exit the application
2015-01-10 17:55:53,800  [AWT-EventQueue-0]   il.ac.hit.currencies.ClientGUI - Model is created
2015-01-10 17:55:53,945  [AWT-EventQueue-0]   il.ac.hit.currencies.ClientGUI - Setting the table of currencies for the first time
2015-01-10 17:55:53,986  [AWT-EventQueue-0]   il.ac.hit.currencies.ClientGUI - Gui is loaded
2015-01-10 17:55:54,351  [AWT-EventQueue-0]   il.ac.hit.currencies.ClientGUI - Application is running
2015-01-10 17:55:57,503  [AWT-EventQueue-0]   il.ac.hit.currencies.ClientGUI - User exit the application
2015-01-10 19:44:27,060  [AWT-EventQueue-0]   il.ac.hit.currencies.ClientGUI - Model is created
2015-01-10 19:44:52,857  [AWT-EventQueue-0]   il.ac.hit.currencies.ClientGUI - Model is created
2015-01-10 19:44:53,237  [AWT-EventQueue-0]   il.ac.hit.currencies.ClientGUI - Setting the table of currencies for the first time
2015-01-10 19:44:53,249  [AWT-EventQueue-0]   il.ac.hit.currencies.ClientGUI - Gui is loaded
2015-01-10 19:44:54,269  [AWT-EventQueue-0]   il.ac.hit.currencies.ClientGUI - Application is running
2015-01-10 19:45:16,597  [AWT-EventQueue-0]   il.ac.hit.currencies.ClientGUI - User is trying to convert money
2015-01-10 19:45:16,619  [AWT-EventQueue-0]   il.ac.hit.currencies.ClientGUI - Convert method executed
2015-01-10 19:45:53,161  [Thread-1]   il.ac.hit.currencies.ClientGUI - Table updated right now
2015-01-10 19:46:53,302  [Thread-1]   il.ac.hit.currencies.ClientGUI - Table updated right now
2015-01-10 19:46:57,617  [AWT-EventQueue-0]   il.ac.hit.currencies.ClientGUI - User is trying to convert money
2015-01-10 19:46:57,623  [AWT-EventQueue-0]   il.ac.hit.currencies.ClientGUI - Convert method executed
2015-01-10 19:47:53,460  [Thread-1]   il.ac.hit.currencies.ClientGUI - Table updated right now
2015-01-10 19:48:02,504  [AWT-EventQueue-0]   il.ac.hit.currencies.ClientGUI - User exit the application
2015-01-12 12:22:46,019  [AWT-EventQueue-0]   il.ac.hit.currencies.ClientGUI - Model is created
2015-01-12 12:23:02,639  [AWT-EventQueue-0]   il.ac.hit.currencies.ClientGUI - Model is created
2015-01-12 12:23:04,055  [AWT-EventQueue-0]   il.ac.hit.currencies.ClientGUI - Setting the table of currencies for the first time
2015-01-12 12:23:04,068  [AWT-EventQueue-0]   il.ac.hit.currencies.ClientGUI - Gui is loaded
2015-01-12 12:23:08,550  [AWT-EventQueue-0]   il.ac.hit.currencies.ClientGUI - Application is running
2015-01-12 12:24:02,942  [Thread-1]   il.ac.hit.currencies.ClientGUI - Table updated right now
2015-01-12 12:24:09,467  [AWT-EventQueue-0]   il.ac.hit.currencies.ClientGUI - User exit the application
2015-01-12 12:37:28,688  [AWT-EventQueue-0]   il.ac.hit.currencies.ClientGUI - Model is created
2015-01-12 12:37:58,376  [AWT-EventQueue-0]   il.ac.hit.currencies.ClientGUI - Model is created
2015-01-12 12:37:58,952  [AWT-EventQueue-0]   il.ac.hit.currencies.ClientGUI - Setting the table of currencies for the first time
2015-01-12 12:38:18,842  [AWT-EventQueue-0]   il.ac.hit.currencies.ClientGUI - Model is created
2015-01-12 12:38:19,056  [AWT-EventQueue-0]   il.ac.hit.currencies.ClientGUI - Setting the table of currencies for the first time
2015-01-12 12:39:43,584  [AWT-EventQueue-0]   il.ac.hit.currencies.ClientGUI - Model is created
2015-01-12 12:39:43,728  [AWT-EventQueue-0]   il.ac.hit.currencies.ClientGUI - Setting the table of currencies for the first time
2015-01-12 12:39:43,756  [AWT-EventQueue-0]   il.ac.hit.currencies.ClientGUI - Gui is loaded
2015-01-12 12:39:44,194  [AWT-EventQueue-0]   il.ac.hit.currencies.ClientGUI - Application is running
2015-01-12 12:40:07,896  [AWT-EventQueue-0]   il.ac.hit.currencies.ClientGUI - User exit the application
2015-01-12 12:43:37,215  [AWT-EventQueue-0]   il.ac.hit.currencies.ClientGUI - Model is created
2015-01-12 12:43:37,500  [AWT-EventQueue-0]   il.ac.hit.currencies.ClientGUI - Setting the table of currencies for the first time
2015-01-12 12:43:37,618  [AWT-EventQueue-0]   il.ac.hit.currencies.ClientGUI - Gui is loaded
2015-01-12 12:43:38,398  [AWT-EventQueue-0]   il.ac.hit.currencies.ClientGUI - Application is running
2015-01-12 12:43:54,156  [AWT-EventQueue-0]   il.ac.hit.currencies.ClientGUI - User exit the application
2015-01-12 12:49:12,104  [AWT-EventQueue-0]   il.ac.hit.currencies.ClientGUI - Model is created
2015-01-12 12:49:12,237  [AWT-EventQueue-0]   il.ac.hit.currencies.ClientGUI - Setting the table of currencies for the first time
2015-01-12 12:49:12,303  [AWT-EventQueue-0]   il.ac.hit.currencies.ClientGUI - Gui is loaded
2015-01-12 12:49:12,982  [AWT-EventQueue-0]   il.ac.hit.currencies.ClientGUI - Application is running
2015-01-12 12:49:31,656  [AWT-EventQueue-0]   il.ac.hit.currencies.ClientGUI - User exit the application
2015-01-12 12:50:23,070  [AWT-EventQueue-0]   il.ac.hit.currencies.ClientGUI - Model is created
2015-01-12 12:50:23,271  [AWT-EventQueue-0]   il.ac.hit.currencies.ClientGUI - Setting the table of currencies for the first time
2015-01-12 12:50:23,322  [AWT-EventQueue-0]   il.ac.hit.currencies.ClientGUI - Gui is loaded
2015-01-12 12:50:23,754  [AWT-EventQueue-0]   il.ac.hit.currencies.ClientGUI - Application is running
2015-01-12 12:50:59,691  [AWT-EventQueue-0]   il.ac.hit.currencies.ClientGUI - User exit the application
2015-01-12 12:51:35,327  [AWT-EventQueue-0]   il.ac.hit.currencies.ClientGUI - Model is created
2015-01-12 12:51:35,458  [AWT-EventQueue-0]   il.ac.hit.currencies.ClientGUI - Setting the table of currencies for the first time
2015-01-12 12:51:35,485  [AWT-EventQueue-0]   il.ac.hit.currencies.ClientGUI - Gui is loaded
2015-01-12 12:51:35,945  [AWT-EventQueue-0]   il.ac.hit.currencies.ClientGUI - Application is running
2015-01-12 12:51:45,858  [AWT-EventQueue-0]   il.ac.hit.currencies.ClientGUI - User exit the application
2015-01-12 12:52:45,573  [AWT-EventQueue-0]   il.ac.hit.currencies.ClientGUI - Model is created
2015-01-12 12:52:45,694  [AWT-EventQueue-0]   il.ac.hit.currencies.ClientGUI - Setting the table of currencies for the first time
2015-01-12 12:52:45,713  [AWT-EventQueue-0]   il.ac.hit.currencies.ClientGUI - Gui is loaded
2015-01-12 12:52:46,038  [AWT-EventQueue-0]   il.ac.hit.currencies.ClientGUI - Application is running
2015-01-12 12:53:14,179  [AWT-EventQueue-0]   il.ac.hit.currencies.ClientGUI - User exit the application
2015-01-12 12:53:23,746  [AWT-EventQueue-0]   il.ac.hit.currencies.ClientGUI - Model is created
2015-01-12 12:53:23,890  [AWT-EventQueue-0]   il.ac.hit.currencies.ClientGUI - Setting the table of currencies for the first time
2015-01-12 12:53:23,911  [AWT-EventQueue-0]   il.ac.hit.currencies.ClientGUI - Gui is loaded
2015-01-12 12:53:24,295  [AWT-EventQueue-0]   il.ac.hit.currencies.ClientGUI - Application is running
2015-01-12 12:53:35,050  [AWT-EventQueue-0]   il.ac.hit.currencies.ClientGUI - User exit the application
2015-01-12 13:19:12,448  [AWT-EventQueue-0]   il.ac.hit.currencies.ClientGUI - Model is created
2015-01-12 13:19:12,602  [AWT-EventQueue-0]   il.ac.hit.currencies.ClientGUI - Setting the table of currencies for the first time
2015-01-12 13:19:12,621  [AWT-EventQueue-0]   il.ac.hit.currencies.ClientGUI - Gui is loaded
2015-01-12 13:19:13,130  [AWT-EventQueue-0]   il.ac.hit.currencies.ClientGUI - Application is running
2015-01-12 13:20:13,078  [Thread-1]   il.ac.hit.currencies.ClientGUI - Table updated right now
2015-01-12 13:21:13,227  [Thread-1]   il.ac.hit.currencies.ClientGUI - Table updated right now
2015-01-12 13:22:13,340  [Thread-1]   il.ac.hit.currencies.ClientGUI - Table updated right now
2015-01-12 13:23:13,498  [Thread-1]   il.ac.hit.currencies.ClientGUI - Table updated right now
2015-01-12 13:23:19,721  [AWT-EventQueue-0]   il.ac.hit.currencies.ClientGUI - User exit the application
2015-01-12 13:30:23,026  [AWT-EventQueue-0]   il.ac.hit.currencies.ClientGUI - Model is created
2015-01-12 13:30:23,173  [AWT-EventQueue-0]   il.ac.hit.currencies.ClientGUI - Setting the table of currencies for the first time
2015-01-12 13:30:23,193  [AWT-EventQueue-0]   il.ac.hit.currencies.ClientGUI - Gui is loaded
2015-01-12 13:30:23,540  [AWT-EventQueue-0]   il.ac.hit.currencies.ClientGUI - Application is running
2015-01-12 13:31:23,815  [Thread-1]   il.ac.hit.currencies.ClientGUI - Table updated right now
2015-01-12 13:32:24,235  [Thread-1]   il.ac.hit.currencies.ClientGUI - Table updated right now
2015-01-12 13:33:24,400  [Thread-1]   il.ac.hit.currencies.ClientGUI - Table updated right now
2015-01-12 13:34:24,534  [Thread-1]   il.ac.hit.currencies.ClientGUI - Table updated right now
2015-01-12 13:34:42,190  [AWT-EventQueue-0]   il.ac.hit.currencies.ClientGUI - User exit the application
2015-01-12 20:54:12,051  [AWT-EventQueue-0]   il.ac.hit.currencies.ClientGUI - Model is created
2015-01-12 20:54:17,189  [AWT-EventQueue-0]   il.ac.hit.currencies.ClientGUI - Currencies data was not created due to :null
2015-01-12 20:54:40,472  [AWT-EventQueue-0]   il.ac.hit.currencies.ClientGUI - Model is created
2015-01-12 20:54:41,290  [AWT-EventQueue-0]   il.ac.hit.currencies.ClientGUI - Setting the table of currencies for the first time
2015-01-12 20:54:41,354  [AWT-EventQueue-0]   il.ac.hit.currencies.ClientGUI - Gui is loaded
2015-01-12 20:54:42,109  [AWT-EventQueue-0]   il.ac.hit.currencies.ClientGUI - Application is running
2015-01-12 20:54:54,371  [AWT-EventQueue-0]   il.ac.hit.currencies.ClientGUI - User exit the application
2015-01-12 20:55:21,006  [AWT-EventQueue-0]   il.ac.hit.currencies.ClientGUI - Model is created
2015-01-12 20:55:21,271  [AWT-EventQueue-0]   il.ac.hit.currencies.ClientGUI - Setting the table of currencies for the first time
2015-01-12 20:55:21,307  [AWT-EventQueue-0]   il.ac.hit.currencies.ClientGUI - Gui is loaded
2015-01-12 20:55:21,653  [AWT-EventQueue-0]   il.ac.hit.currencies.ClientGUI - Application is running
2015-01-12 20:55:29,882  [AWT-EventQueue-0]   il.ac.hit.currencies.ClientGUI - User exit the application
2015-01-12 20:55:38,646  [AWT-EventQueue-0]   il.ac.hit.currencies.ClientGUI - Model is created
2015-01-12 20:55:38,781  [AWT-EventQueue-0]   il.ac.hit.currencies.ClientGUI - Setting the table of currencies for the first time
2015-01-12 20:55:38,838  [AWT-EventQueue-0]   il.ac.hit.currencies.ClientGUI - Gui is loaded
2015-01-12 20:55:39,241  [AWT-EventQueue-0]   il.ac.hit.currencies.ClientGUI - Application is running
2015-01-12 20:55:50,413  [AWT-EventQueue-0]   il.ac.hit.currencies.ClientGUI - User exit the application
2015-01-12 20:57:42,764  [AWT-EventQueue-0]   il.ac.hit.currencies.ClientGUI - Model is created
2015-01-12 20:57:51,013  [AWT-EventQueue-0]   il.ac.hit.currencies.ClientGUI - Currencies data was not created due to :null
2015-01-12 20:58:19,023  [AWT-EventQueue-0]   il.ac.hit.currencies.ClientGUI - Model is created
2015-01-12 20:58:21,793  [AWT-EventQueue-0]   il.ac.hit.currencies.ClientGUI - Currencies data was not created due to :null
2015-01-12 20:58:33,498  [AWT-EventQueue-0]   il.ac.hit.currencies.ClientGUI - Model is created
2015-01-12 20:58:33,729  [AWT-EventQueue-0]   il.ac.hit.currencies.ClientGUI - Setting the table of currencies for the first time
2015-01-12 20:58:33,768  [AWT-EventQueue-0]   il.ac.hit.currencies.ClientGUI - Gui is loaded
2015-01-12 20:58:34,187  [AWT-EventQueue-0]   il.ac.hit.currencies.ClientGUI - Application is running
2015-01-12 20:59:33,755  [XMLSerializer thread]   il.ac.hit.currencies.ClientGUI - Table updated right now
2015-01-12 21:00:22,825  [AWT-EventQueue-0]   il.ac.hit.currencies.ClientGUI - User exit the application
2015-01-12 21:00:29,050  [AWT-EventQueue-0]   il.ac.hit.currencies.ClientGUI - Model is created
2015-01-12 21:00:29,302  [AWT-EventQueue-0]   il.ac.hit.currencies.ClientGUI - Setting the table of currencies for the first time
2015-01-12 21:00:29,336  [AWT-EventQueue-0]   il.ac.hit.currencies.ClientGUI - Gui is loaded
2015-01-12 21:00:29,768  [AWT-EventQueue-0]   il.ac.hit.currencies.ClientGUI - Application is running
2015-01-12 21:00:31,443  [AWT-EventQueue-0]   il.ac.hit.currencies.ClientGUI - User exit the application
2015-01-12 21:00:41,567  [AWT-EventQueue-0]   il.ac.hit.currencies.ClientGUI - Model is created
2015-01-12 21:00:41,806  [AWT-EventQueue-0]   il.ac.hit.currencies.ClientGUI - Setting the table of currencies for the first time
2015-01-12 21:00:41,837  [AWT-EventQueue-0]   il.ac.hit.currencies.ClientGUI - Gui is loaded
2015-01-12 21:00:42,185  [AWT-EventQueue-0]   il.ac.hit.currencies.ClientGUI - Application is running
2015-01-12 21:00:44,648  [AWT-EventQueue-0]   il.ac.hit.currencies.ClientGUI - User exit the application
2015-01-12 21:00:53,321  [AWT-EventQueue-0]   il.ac.hit.currencies.ClientGUI - Model is created
2015-01-12 21:00:53,458  [AWT-EventQueue-0]   il.ac.hit.currencies.ClientGUI - Setting the table of currencies for the first time
2015-01-12 21:00:53,494  [AWT-EventQueue-0]   il.ac.hit.currencies.ClientGUI - Gui is loaded
2015-01-12 21:00:53,834  [AWT-EventQueue-0]   il.ac.hit.currencies.ClientGUI - Application is running
2015-01-12 21:00:56,141  [AWT-EventQueue-0]   il.ac.hit.currencies.ClientGUI - User exit the application
2015-01-12 21:03:55,051  [AWT-EventQueue-0]   il.ac.hit.currencies.ClientGUI - Model is created
2015-01-12 21:03:55,204  [AWT-EventQueue-0]   il.ac.hit.currencies.ClientGUI - Setting the table of currencies for the first time
2015-01-12 21:03:55,251  [AWT-EventQueue-0]   il.ac.hit.currencies.ClientGUI - Gui is loaded
2015-01-12 21:03:55,591  [AWT-EventQueue-0]   il.ac.hit.currencies.ClientGUI - Application is running
2015-01-12 21:04:00,243  [AWT-EventQueue-0]   il.ac.hit.currencies.ClientGUI - User exit the application
2015-01-12 21:04:06,367  [AWT-EventQueue-0]   il.ac.hit.currencies.ClientGUI - Model is created
2015-01-12 21:04:06,503  [AWT-EventQueue-0]   il.ac.hit.currencies.ClientGUI - Setting the table of currencies for the first time
2015-01-12 21:04:06,527  [AWT-EventQueue-0]   il.ac.hit.currencies.ClientGUI - Gui is loaded
2015-01-12 21:04:06,878  [AWT-EventQueue-0]   il.ac.hit.currencies.ClientGUI - Application is running
2015-01-12 21:04:09,218  [AWT-EventQueue-0]   il.ac.hit.currencies.ClientGUI - User exit the application
2015-01-12 21:17:47,442  [AWT-EventQueue-0]   il.ac.hit.currencies.ClientGUI - Model is created
2015-01-12 21:17:47,623  [AWT-EventQueue-0]   il.ac.hit.currencies.ClientGUI - Setting the table of currencies for the first time
2015-01-12 21:17:47,644  [AWT-EventQueue-0]   il.ac.hit.currencies.ClientGUI - Gui is loaded
2015-01-12 21:17:48,028  [AWT-EventQueue-0]   il.ac.hit.currencies.ClientGUI - Application is running
2015-01-12 21:17:54,820  [AWT-EventQueue-0]   il.ac.hit.currencies.ClientGUI - User exit the application
2015-01-12 21:31:30,025  [AWT-EventQueue-0]   il.ac.hit.currencies.ClientGUI - Model is created
2015-01-12 21:33:24,265  [AWT-EventQueue-0]   il.ac.hit.currencies.ClientGUI - Model is created
2015-01-12 21:34:34,100  [AWT-EventQueue-0]   il.ac.hit.currencies.ClientGUI - Model is created
2015-01-12 21:34:34,281  [AWT-EventQueue-0]   il.ac.hit.currencies.ClientGUI - Setting the table of currencies for the first time
2015-01-12 21:34:34,307  [AWT-EventQueue-0]   il.ac.hit.currencies.ClientGUI - Gui is loaded
2015-01-12 21:34:34,629  [AWT-EventQueue-0]   il.ac.hit.currencies.ClientGUI - Application is running
2015-01-12 21:34:36,726  [AWT-EventQueue-0]   il.ac.hit.currencies.ClientGUI - User exit the application
2015-01-12 21:34:57,467  [AWT-EventQueue-0]   il.ac.hit.currencies.ClientGUI - Model is created
2015-01-12 21:35:03,266  [AWT-EventQueue-0]   il.ac.hit.currencies.ClientGUI - Setting the table of currencies for the first time
2015-01-12 21:35:03,309  [AWT-EventQueue-0]   il.ac.hit.currencies.ClientGUI - Gui is loaded
2015-01-12 21:35:03,628  [AWT-EventQueue-0]   il.ac.hit.currencies.ClientGUI - Application is running
2015-01-12 21:35:28,721  [AWT-EventQueue-0]   il.ac.hit.currencies.ClientGUI - User exit the application
2015-01-12 21:36:54,900  [AWT-EventQueue-0]   il.ac.hit.currencies.ClientGUI - Model is created
2015-01-12 21:36:55,025  [AWT-EventQueue-0]   il.ac.hit.currencies.ClientGUI - Setting the table of currencies for the first time
2015-01-12 21:36:55,046  [AWT-EventQueue-0]   il.ac.hit.currencies.ClientGUI - Gui is loaded
2015-01-12 21:36:55,617  [AWT-EventQueue-0]   il.ac.hit.currencies.ClientGUI - Application is running
2015-01-12 21:36:58,126  [AWT-EventQueue-0]   il.ac.hit.currencies.ClientGUI - User exit the application
2015-01-12 21:37:04,501  [AWT-EventQueue-0]   il.ac.hit.currencies.ClientGUI - Model is created
2015-01-12 21:37:04,736  [AWT-EventQueue-0]   il.ac.hit.currencies.ClientGUI - Setting the table of currencies for the first time
2015-01-12 21:37:04,767  [AWT-EventQueue-0]   il.ac.hit.currencies.ClientGUI - Gui is loaded
2015-01-12 21:37:05,165  [AWT-EventQueue-0]   il.ac.hit.currencies.ClientGUI - Application is running
2015-01-12 21:37:08,716  [AWT-EventQueue-0]   il.ac.hit.currencies.ClientGUI - User exit the application
2015-01-12 21:37:13,149  [AWT-EventQueue-0]   il.ac.hit.currencies.ClientGUI - Model is created
2015-01-12 21:37:13,286  [AWT-EventQueue-0]   il.ac.hit.currencies.ClientGUI - Setting the table of currencies for the first time
2015-01-12 21:37:13,307  [AWT-EventQueue-0]   il.ac.hit.currencies.ClientGUI - Gui is loaded
2015-01-12 21:37:13,652  [AWT-EventQueue-0]   il.ac.hit.currencies.ClientGUI - Application is running
2015-01-12 21:37:15,754  [AWT-EventQueue-0]   il.ac.hit.currencies.ClientGUI - User exit the application
2015-01-12 21:37:42,169  [AWT-EventQueue-0]   il.ac.hit.currencies.ClientGUI - Model is created
2015-01-12 21:38:37,333  [AWT-EventQueue-0]   il.ac.hit.currencies.ClientGUI - Model is created
2015-01-12 21:38:37,483  [AWT-EventQueue-0]   il.ac.hit.currencies.ClientGUI - Setting the table of currencies for the first time
2015-01-12 21:38:37,507  [AWT-EventQueue-0]   il.ac.hit.currencies.ClientGUI - Gui is loaded
2015-01-12 21:38:37,795  [AWT-EventQueue-0]   il.ac.hit.currencies.ClientGUI - Application is running
2015-01-12 21:38:40,547  [AWT-EventQueue-0]   il.ac.hit.currencies.ClientGUI - User exit the application
2015-01-12 21:38:45,862  [AWT-EventQueue-0]   il.ac.hit.currencies.ClientGUI - Model is created
2015-01-12 21:44:03,826  [AWT-EventQueue-0]   il.ac.hit.currencies.ClientGUI - Model is created
2015-01-12 21:44:03,964  [AWT-EventQueue-0]   il.ac.hit.currencies.ClientGUI - Setting the table of currencies for the first time
2015-01-12 21:44:03,983  [AWT-EventQueue-0]   il.ac.hit.currencies.ClientGUI - Gui is loaded
2015-01-12 21:44:04,439  [AWT-EventQueue-0]   il.ac.hit.currencies.ClientGUI - Application is running
2015-01-12 21:44:07,248  [AWT-EventQueue-0]   il.ac.hit.currencies.ClientGUI - User exit the application
2015-01-12 21:45:32,698  [AWT-EventQueue-0]   il.ac.hit.currencies.ClientGUI - Model is created
2015-01-12 21:45:32,847  [AWT-EventQueue-0]   il.ac.hit.currencies.ClientGUI - Setting the table of currencies for the first time
2015-01-12 21:45:32,876  [AWT-EventQueue-0]   il.ac.hit.currencies.ClientGUI - Gui is loaded
2015-01-12 21:45:33,189  [AWT-EventQueue-0]   il.ac.hit.currencies.ClientGUI - Application is running
2015-01-12 21:46:03,061  [AWT-EventQueue-0]   il.ac.hit.currencies.ClientGUI - User exit the application
2015-01-12 21:46:08,253  [AWT-EventQueue-0]   il.ac.hit.currencies.ClientGUI - Model is created
2015-01-12 21:46:08,478  [AWT-EventQueue-0]   il.ac.hit.currencies.ClientGUI - Setting the table of currencies for the first time
2015-01-12 21:46:08,510  [AWT-EventQueue-0]   il.ac.hit.currencies.ClientGUI - Gui is loaded
2015-01-12 21:46:09,110  [AWT-EventQueue-0]   il.ac.hit.currencies.ClientGUI - Application is running
2015-01-12 21:46:11,267  [AWT-EventQueue-0]   il.ac.hit.currencies.ClientGUI - User exit the application
2015-01-12 21:46:15,385  [AWT-EventQueue-0]   il.ac.hit.currencies.ClientGUI - Model is created
2015-01-12 21:46:15,526  [AWT-EventQueue-0]   il.ac.hit.currencies.ClientGUI - Setting the table of currencies for the first time
2015-01-12 21:46:15,551  [AWT-EventQueue-0]   il.ac.hit.currencies.ClientGUI - Gui is loaded
2015-01-12 21:46:15,871  [AWT-EventQueue-0]   il.ac.hit.currencies.ClientGUI - Application is running
2015-01-12 21:46:17,885  [AWT-EventQueue-0]   il.ac.hit.currencies.ClientGUI - User exit the application
2015-01-12 21:46:23,942  [AWT-EventQueue-0]   il.ac.hit.currencies.ClientGUI - Model is created
2015-01-12 21:46:24,162  [AWT-EventQueue-0]   il.ac.hit.currencies.ClientGUI - Setting the table of currencies for the first time
2015-01-12 21:46:24,192  [AWT-EventQueue-0]   il.ac.hit.currencies.ClientGUI - Gui is loaded
2015-01-12 21:46:24,712  [AWT-EventQueue-0]   il.ac.hit.currencies.ClientGUI - Application is running
2015-01-12 21:46:26,701  [AWT-EventQueue-0]   il.ac.hit.currencies.ClientGUI - User exit the application
2015-01-13 15:59:48,327  [AWT-EventQueue-0]   il.ac.hit.currencies.ClientGUI - Model is created
2015-01-13 15:59:49,329  [AWT-EventQueue-0]   il.ac.hit.currencies.ClientGUI - Setting the table of currencies for the first time
2015-01-13 15:59:49,516  [AWT-EventQueue-0]   il.ac.hit.currencies.ClientGUI - Gui is loaded
2015-01-13 15:59:51,010  [AWT-EventQueue-0]   il.ac.hit.currencies.ClientGUI - Application is running
2015-01-13 15:59:58,572  [AWT-EventQueue-0]   il.ac.hit.currencies.ClientGUI - User is trying to convert money
2015-01-13 16:00:01,825  [AWT-EventQueue-0]   il.ac.hit.currencies.ClientGUI - Convert method failed to execute error: Currency Pound Great not found
2015-01-13 16:00:01,825  [AWT-EventQueue-0]   il.ac.hit.currencies.ClientGUI - Convert method executed
2015-01-13 16:00:03,210  [AWT-EventQueue-0]   il.ac.hit.currencies.ClientGUI - User is trying to convert money
2015-01-13 16:00:04,237  [AWT-EventQueue-0]   il.ac.hit.currencies.ClientGUI - Convert method failed to execute error: Currency Pound Great not found
2015-01-13 16:00:04,238  [AWT-EventQueue-0]   il.ac.hit.currencies.ClientGUI - Convert method executed
2015-01-13 16:00:09,322  [AWT-EventQueue-0]   il.ac.hit.currencies.ClientGUI - User exit the application
2015-01-13 16:01:34,467  [AWT-EventQueue-0]   il.ac.hit.currencies.ClientGUI - Model is created
2015-01-13 16:02:47,286  [AWT-EventQueue-0]   il.ac.hit.currencies.ClientGUI - Model is created
2015-01-13 16:02:47,838  [AWT-EventQueue-0]   il.ac.hit.currencies.ClientGUI - Setting the table of currencies for the first time
2015-01-13 16:02:47,915  [AWT-EventQueue-0]   il.ac.hit.currencies.ClientGUI - Gui is loaded
2015-01-13 16:02:48,573  [AWT-EventQueue-0]   il.ac.hit.currencies.ClientGUI - Application is running
2015-01-13 16:03:30,613  [AWT-EventQueue-0]   il.ac.hit.currencies.ClientGUI - User is trying to convert money
2015-01-13 16:03:49,734  [AWT-EventQueue-0]   il.ac.hit.currencies.ClientGUI - Convert method executed
2015-01-13 16:03:49,918  [XMLSerializer thread]   il.ac.hit.currencies.ClientGUI - Table updated
2015-01-13 16:04:01,114  [AWT-EventQueue-0]   il.ac.hit.currencies.ClientGUI - User is trying to convert money
2015-01-13 16:04:11,082  [AWT-EventQueue-0]   il.ac.hit.currencies.ClientGUI - Convert method executed
2015-01-13 16:04:50,162  [XMLSerializer thread]   il.ac.hit.currencies.ClientGUI - Table updated
2015-01-13 16:05:52,297  [XMLSerializer thread]   il.ac.hit.currencies.ClientGUI - Table updated
2015-01-13 18:02:32,886  [AWT-EventQueue-0]   il.ac.hit.currencies.ClientGUI - User exit the application
2015-01-17 12:46:22,399  [AWT-EventQueue-0]   il.ac.hit.currencies.ClientGUI - Model is created
2015-01-17 12:55:39,687  [AWT-EventQueue-0]   il.ac.hit.currencies.ClientGUI - Model is created
2015-01-17 12:55:44,892  [AWT-EventQueue-0]   il.ac.hit.currencies.ClientGUI - Currencies data was not created due to :null
2015-01-17 12:56:02,681  [AWT-EventQueue-0]   il.ac.hit.currencies.ClientGUI - Model is created
2015-01-17 12:56:02,942  [AWT-EventQueue-0]   il.ac.hit.currencies.ClientGUI - Setting the table of currencies for the first time
2015-01-17 12:56:02,975  [AWT-EventQueue-0]   il.ac.hit.currencies.ClientGUI - Gui is loaded
2015-01-17 12:56:03,887  [AWT-EventQueue-0]   il.ac.hit.currencies.ClientGUI - Application is running
2015-01-17 12:56:17,010  [AWT-EventQueue-0]   il.ac.hit.currencies.ClientGUI - User is trying to convert money
2015-01-17 12:56:17,019  [AWT-EventQueue-0]   il.ac.hit.currencies.ClientGUI - Convert method executed
2015-01-17 12:56:22,380  [AWT-EventQueue-0]   il.ac.hit.currencies.ClientGUI - User exit the application
2015-01-17 13:04:29,215  [AWT-EventQueue-0]   il.ac.hit.currencies.ClientGUI - Model is created
2015-01-17 13:04:29,335  [AWT-EventQueue-0]   il.ac.hit.currencies.ClientGUI - Setting the table of currencies for the first time
2015-01-17 13:04:29,353  [AWT-EventQueue-0]   il.ac.hit.currencies.ClientGUI - Gui is loaded
2015-01-17 13:04:29,755  [AWT-EventQueue-0]   il.ac.hit.currencies.ClientGUI - Application is running
2015-01-17 13:04:31,919  [AWT-EventQueue-0]   il.ac.hit.currencies.ClientGUI - User exit the application
2015-01-17 13:05:12,763  [AWT-EventQueue-0]   il.ac.hit.currencies.ClientGUI - Model is created
2015-01-17 13:05:12,896  [AWT-EventQueue-0]   il.ac.hit.currencies.ClientGUI - Setting the table of currencies for the first time
2015-01-17 13:05:12,917  [AWT-EventQueue-0]   il.ac.hit.currencies.ClientGUI - Gui is loaded
2015-01-17 13:05:13,298  [AWT-EventQueue-0]   il.ac.hit.currencies.ClientGUI - Application is running
2015-01-17 13:05:22,323  [AWT-EventQueue-0]   il.ac.hit.currencies.ClientGUI - User is trying to convert money
2015-01-17 13:05:22,336  [AWT-EventQueue-0]   il.ac.hit.currencies.ClientGUI - Convert method executed
2015-01-17 13:05:31,444  [AWT-EventQueue-0]   il.ac.hit.currencies.ClientGUI - User is trying to convert money
2015-01-17 13:05:31,463  [AWT-EventQueue-0]   il.ac.hit.currencies.ClientGUI - Convert method executed
2015-01-17 13:05:40,430  [AWT-EventQueue-0]   il.ac.hit.currencies.ClientGUI - User is trying to convert money
2015-01-17 13:05:40,446  [AWT-EventQueue-0]   il.ac.hit.currencies.ClientGUI - Convert method executed
2015-01-17 13:05:42,875  [AWT-EventQueue-0]   il.ac.hit.currencies.ClientGUI - User exit the application
2015-01-17 13:10:17,614  [AWT-EventQueue-0]   il.ac.hit.currencies.ClientGUI - Model is created
2015-01-17 13:10:21,788  [AWT-EventQueue-0]   il.ac.hit.currencies.ClientGUI - Currencies data was not created due to :null
2015-01-17 13:13:06,915  [AWT-EventQueue-0]   il.ac.hit.currencies.ClientGUI - Model is created
2015-01-17 13:13:07,049  [AWT-EventQueue-0]   il.ac.hit.currencies.ClientGUI - Setting the table of currencies for the first time
2015-01-17 13:13:07,068  [AWT-EventQueue-0]   il.ac.hit.currencies.ClientGUI - Gui is loaded
2015-01-17 13:13:07,417  [AWT-EventQueue-0]   il.ac.hit.currencies.ClientGUI - Application is running
2015-01-17 13:13:13,133  [AWT-EventQueue-0]   il.ac.hit.currencies.ClientGUI - User is trying to convert money
2015-01-17 13:13:13,147  [AWT-EventQueue-0]   il.ac.hit.currencies.ClientGUI - Convert method executed
2015-01-17 13:13:15,279  [AWT-EventQueue-0]   il.ac.hit.currencies.ClientGUI - User exit the application
2015-01-17 13:13:20,061  [AWT-EventQueue-0]   il.ac.hit.currencies.ClientGUI - Model is created
2015-01-17 13:13:21,636  [AWT-EventQueue-0]   il.ac.hit.currencies.ClientGUI - Setting the table of currencies for the first time
2015-01-17 13:13:22,412  [AWT-EventQueue-0]   il.ac.hit.currencies.ClientGUI - Gui is loaded
2015-01-17 13:13:23,677  [AWT-EventQueue-0]   il.ac.hit.currencies.ClientGUI - Application is running
2015-01-17 13:13:25,564  [AWT-EventQueue-0]   il.ac.hit.currencies.ClientGUI - User exit the application
2015-01-17 13:34:04,837  [AWT-EventQueue-0]   il.ac.hit.currencies.ClientGUI - Model is created
2015-01-17 13:34:04,969  [AWT-EventQueue-0]   il.ac.hit.currencies.ClientGUI - Setting the table of currencies for the first time
2015-01-17 13:34:04,988  [AWT-EventQueue-0]   il.ac.hit.currencies.ClientGUI - Gui is loaded
2015-01-17 13:34:05,367  [AWT-EventQueue-0]   il.ac.hit.currencies.ClientGUI - Application is running
2015-01-17 13:34:14,725  [AWT-EventQueue-0]   il.ac.hit.currencies.ClientGUI - User is trying to convert money
2015-01-17 13:34:14,744  [AWT-EventQueue-0]   il.ac.hit.currencies.ClientGUI - Convert method executed
2015-01-17 13:34:27,447  [AWT-EventQueue-0]   il.ac.hit.currencies.ClientGUI - User exit the application
2015-01-17 13:35:36,424  [AWT-EventQueue-0]   il.ac.hit.currencies.ClientGUI - Model is created
2015-01-17 13:35:39,802  [AWT-EventQueue-0]   il.ac.hit.currencies.ClientGUI - Currencies data was not created due to :null
2015-01-17 13:36:15,153  [AWT-EventQueue-0]   il.ac.hit.currencies.ClientGUI - Model is created
2015-01-17 13:36:15,280  [AWT-EventQueue-0]   il.ac.hit.currencies.ClientGUI - Setting the table of currencies for the first time
2015-01-17 13:36:15,300  [AWT-EventQueue-0]   il.ac.hit.currencies.ClientGUI - Gui is loaded
2015-01-17 13:36:15,709  [AWT-EventQueue-0]   il.ac.hit.currencies.ClientGUI - Application is running
2015-01-17 13:36:17,961  [AWT-EventQueue-0]   il.ac.hit.currencies.ClientGUI - User exit the application
2015-01-17 13:36:24,079  [AWT-EventQueue-0]   il.ac.hit.currencies.ClientGUI - Model is created
2015-01-17 13:36:24,241  [AWT-EventQueue-0]   il.ac.hit.currencies.ClientGUI - Setting the table of currencies for the first time
2015-01-17 13:36:24,326  [AWT-EventQueue-0]   il.ac.hit.currencies.ClientGUI - Gui is loaded
2015-01-17 13:36:24,770  [AWT-EventQueue-0]   il.ac.hit.currencies.ClientGUI - Application is running
2015-01-17 13:36:26,405  [AWT-EventQueue-0]   il.ac.hit.currencies.ClientGUI - User exit the application
2015-01-17 13:36:36,562  [AWT-EventQueue-0]   il.ac.hit.currencies.ClientGUI - Model is created
2015-01-17 13:36:36,708  [AWT-EventQueue-0]   il.ac.hit.currencies.ClientGUI - Setting the table of currencies for the first time
2015-01-17 13:36:36,728  [AWT-EventQueue-0]   il.ac.hit.currencies.ClientGUI - Gui is loaded
2015-01-17 13:36:37,053  [AWT-EventQueue-0]   il.ac.hit.currencies.ClientGUI - Application is running
2015-01-17 13:36:40,310  [AWT-EventQueue-0]   il.ac.hit.currencies.ClientGUI - User exit the application
2015-01-17 13:36:45,492  [AWT-EventQueue-0]   il.ac.hit.currencies.ClientGUI - Model is created
2015-01-17 13:36:45,767  [AWT-EventQueue-0]   il.ac.hit.currencies.ClientGUI - Setting the table of currencies for the first time
2015-01-17 13:36:45,812  [AWT-EventQueue-0]   il.ac.hit.currencies.ClientGUI - Gui is loaded
2015-01-17 13:36:46,224  [AWT-EventQueue-0]   il.ac.hit.currencies.ClientGUI - Application is running
2015-01-17 13:36:57,846  [AWT-EventQueue-0]   il.ac.hit.currencies.ClientGUI - User is trying to convert money
2015-01-17 13:36:57,864  [AWT-EventQueue-0]   il.ac.hit.currencies.ClientGUI - Convert method executed
2015-01-17 13:37:10,895  [AWT-EventQueue-0]   il.ac.hit.currencies.ClientGUI - User exit the application
2015-01-17 13:40:53,671  [AWT-EventQueue-0]   il.ac.hit.currencies.ClientGUI - Model is created
2015-01-17 13:41:19,842  [AWT-EventQueue-0]   il.ac.hit.currencies.ClientGUI - Currencies data was not created due to :null
2015-01-17 13:44:22,170  [AWT-EventQueue-0]   il.ac.hit.currencies.ClientGUI - Model is created
2015-01-17 13:44:22,311  [AWT-EventQueue-0]   il.ac.hit.currencies.ClientGUI - Setting the table of currencies for the first time
2015-01-17 13:44:22,340  [AWT-EventQueue-0]   il.ac.hit.currencies.ClientGUI - Gui is loaded
2015-01-17 13:44:22,728  [AWT-EventQueue-0]   il.ac.hit.currencies.ClientGUI - Application is running
2015-01-17 13:44:24,225  [AWT-EventQueue-0]   il.ac.hit.currencies.ClientGUI - User exit the application
2015-01-17 13:44:28,907  [AWT-EventQueue-0]   il.ac.hit.currencies.ClientGUI - Model is created
2015-01-17 13:44:29,042  [AWT-EventQueue-0]   il.ac.hit.currencies.ClientGUI - Setting the table of currencies for the first time
2015-01-17 13:44:29,065  [AWT-EventQueue-0]   il.ac.hit.currencies.ClientGUI - Gui is loaded
2015-01-17 13:44:29,594  [AWT-EventQueue-0]   il.ac.hit.currencies.ClientGUI - Application is running
2015-01-17 13:44:30,960  [AWT-EventQueue-0]   il.ac.hit.currencies.ClientGUI - User exit the application
2015-01-17 13:44:36,234  [AWT-EventQueue-0]   il.ac.hit.currencies.ClientGUI - Model is created
2015-01-17 13:44:36,419  [AWT-EventQueue-0]   il.ac.hit.currencies.ClientGUI - Setting the table of currencies for the first time
2015-01-17 13:44:36,439  [AWT-EventQueue-0]   il.ac.hit.currencies.ClientGUI - Gui is loaded
2015-01-17 13:44:36,756  [AWT-EventQueue-0]   il.ac.hit.currencies.ClientGUI - Application is running
2015-01-17 13:44:38,307  [AWT-EventQueue-0]   il.ac.hit.currencies.ClientGUI - User exit the application
2015-01-17 13:44:44,668  [AWT-EventQueue-0]   il.ac.hit.currencies.ClientGUI - Model is created
2015-01-17 13:44:44,812  [AWT-EventQueue-0]   il.ac.hit.currencies.ClientGUI - Setting the table of currencies for the first time
2015-01-17 13:44:44,857  [AWT-EventQueue-0]   il.ac.hit.currencies.ClientGUI - Gui is loaded
2015-01-17 13:44:45,294  [AWT-EventQueue-0]   il.ac.hit.currencies.ClientGUI - Application is running
2015-01-17 13:44:47,643  [AWT-EventQueue-0]   il.ac.hit.currencies.ClientGUI - User exit the application
2015-01-17 13:45:33,170  [AWT-EventQueue-0]   il.ac.hit.currencies.ClientGUI - Model is created
2015-01-17 13:45:33,344  [AWT-EventQueue-0]   il.ac.hit.currencies.ClientGUI - Setting the table of currencies for the first time
2015-01-17 13:45:33,529  [AWT-EventQueue-0]   il.ac.hit.currencies.ClientGUI - Gui is loaded
2015-01-17 13:45:34,011  [AWT-EventQueue-0]   il.ac.hit.currencies.ClientGUI - Application is running
2015-01-17 13:45:35,630  [AWT-EventQueue-0]   il.ac.hit.currencies.ClientGUI - User exit the application
2015-01-17 13:45:40,290  [AWT-EventQueue-0]   il.ac.hit.currencies.ClientGUI - Model is created
2015-01-17 13:45:40,440  [AWT-EventQueue-0]   il.ac.hit.currencies.ClientGUI - Setting the table of currencies for the first time
2015-01-17 13:45:40,475  [AWT-EventQueue-0]   il.ac.hit.currencies.ClientGUI - Gui is loaded
2015-01-17 13:45:40,929  [AWT-EventQueue-0]   il.ac.hit.currencies.ClientGUI - Application is running
2015-01-17 13:45:42,783  [AWT-EventQueue-0]   il.ac.hit.currencies.ClientGUI - User exit the application
2015-01-17 13:45:47,613  [AWT-EventQueue-0]   il.ac.hit.currencies.ClientGUI - Model is created
2015-01-17 13:45:47,789  [AWT-EventQueue-0]   il.ac.hit.currencies.ClientGUI - Setting the table of currencies for the first time
2015-01-17 13:45:47,811  [AWT-EventQueue-0]   il.ac.hit.currencies.ClientGUI - Gui is loaded
2015-01-17 13:45:48,264  [AWT-EventQueue-0]   il.ac.hit.currencies.ClientGUI - Application is running
2015-01-17 13:45:50,469  [AWT-EventQueue-0]   il.ac.hit.currencies.ClientGUI - User exit the application
2015-01-17 13:46:03,360  [AWT-EventQueue-0]   il.ac.hit.currencies.ClientGUI - Model is created
2015-01-17 13:46:03,511  [AWT-EventQueue-0]   il.ac.hit.currencies.ClientGUI - Setting the table of currencies for the first time
2015-01-17 13:46:03,537  [AWT-EventQueue-0]   il.ac.hit.currencies.ClientGUI - Gui is loaded
2015-01-17 13:46:04,178  [AWT-EventQueue-0]   il.ac.hit.currencies.ClientGUI - Application is running
2015-01-17 13:46:06,098  [AWT-EventQueue-0]   il.ac.hit.currencies.ClientGUI - User exit the application
2015-01-17 13:46:25,015  [AWT-EventQueue-0]   il.ac.hit.currencies.ClientGUI - Model is created
2015-01-17 13:46:25,202  [AWT-EventQueue-0]   il.ac.hit.currencies.ClientGUI - Setting the table of currencies for the first time
2015-01-17 13:46:25,243  [AWT-EventQueue-0]   il.ac.hit.currencies.ClientGUI - Gui is loaded
2015-01-17 13:46:25,763  [AWT-EventQueue-0]   il.ac.hit.currencies.ClientGUI - Application is running
2015-01-17 13:46:27,115  [AWT-EventQueue-0]   il.ac.hit.currencies.ClientGUI - User exit the application
2015-01-17 13:50:08,272  [AWT-EventQueue-0]   il.ac.hit.currencies.ClientGUI - Model is created
2015-01-17 13:50:08,395  [AWT-EventQueue-0]   il.ac.hit.currencies.ClientGUI - Setting the table of currencies for the first time
2015-01-17 13:50:08,416  [AWT-EventQueue-0]   il.ac.hit.currencies.ClientGUI - Gui is loaded
2015-01-17 13:50:08,817  [AWT-EventQueue-0]   il.ac.hit.currencies.ClientGUI - Application is running
2015-01-17 13:50:11,361  [AWT-EventQueue-0]   il.ac.hit.currencies.ClientGUI - User exit the application
2015-01-17 13:55:57,027  [AWT-EventQueue-0]   il.ac.hit.currencies.ClientGUI - Model is created
2015-01-17 13:55:57,246  [AWT-EventQueue-0]   il.ac.hit.currencies.ClientGUI - Setting the table of currencies for the first time
2015-01-17 13:55:57,287  [AWT-EventQueue-0]   il.ac.hit.currencies.ClientGUI - Gui is loaded
2015-01-17 13:55:57,746  [AWT-EventQueue-0]   il.ac.hit.currencies.ClientGUI - Application is running
2015-01-17 13:55:59,938  [AWT-EventQueue-0]   il.ac.hit.currencies.ClientGUI - User exit the application
2015-01-17 13:56:04,443  [AWT-EventQueue-0]   il.ac.hit.currencies.ClientGUI - Model is created
2015-01-17 13:56:04,626  [AWT-EventQueue-0]   il.ac.hit.currencies.ClientGUI - Setting the table of currencies for the first time
2015-01-17 13:56:04,646  [AWT-EventQueue-0]   il.ac.hit.currencies.ClientGUI - Gui is loaded
2015-01-17 13:56:05,082  [AWT-EventQueue-0]   il.ac.hit.currencies.ClientGUI - Application is running
2015-01-17 13:56:06,502  [AWT-EventQueue-0]   il.ac.hit.currencies.ClientGUI - User exit the application
2015-01-17 13:56:11,027  [AWT-EventQueue-0]   il.ac.hit.currencies.ClientGUI - Model is created
2015-01-17 13:56:11,177  [AWT-EventQueue-0]   il.ac.hit.currencies.ClientGUI - Setting the table of currencies for the first time
2015-01-17 13:56:11,215  [AWT-EventQueue-0]   il.ac.hit.currencies.ClientGUI - Gui is loaded
2015-01-17 13:56:11,588  [AWT-EventQueue-0]   il.ac.hit.currencies.ClientGUI - Application is running
2015-01-17 13:56:13,349  [AWT-EventQueue-0]   il.ac.hit.currencies.ClientGUI - User exit the application
2015-01-17 13:56:17,850  [AWT-EventQueue-0]   il.ac.hit.currencies.ClientGUI - Model is created
2015-01-17 13:56:18,064  [AWT-EventQueue-0]   il.ac.hit.currencies.ClientGUI - Setting the table of currencies for the first time
2015-01-17 13:56:18,096  [AWT-EventQueue-0]   il.ac.hit.currencies.ClientGUI - Gui is loaded
2015-01-17 13:56:18,503  [AWT-EventQueue-0]   il.ac.hit.currencies.ClientGUI - Application is running
2015-01-17 13:56:20,305  [AWT-EventQueue-0]   il.ac.hit.currencies.ClientGUI - User exit the application
2015-01-17 13:56:24,830  [AWT-EventQueue-0]   il.ac.hit.currencies.ClientGUI - Model is created
2015-01-17 13:56:24,985  [AWT-EventQueue-0]   il.ac.hit.currencies.ClientGUI - Setting the table of currencies for the first time
2015-01-17 13:56:25,016  [AWT-EventQueue-0]   il.ac.hit.currencies.ClientGUI - Gui is loaded
2015-01-17 13:56:25,379  [AWT-EventQueue-0]   il.ac.hit.currencies.ClientGUI - Application is running
2015-01-17 13:56:28,655  [AWT-EventQueue-0]   il.ac.hit.currencies.ClientGUI - User exit the application
2015-01-17 13:56:33,986  [AWT-EventQueue-0]   il.ac.hit.currencies.ClientGUI - Model is created
2015-01-17 13:56:34,146  [AWT-EventQueue-0]   il.ac.hit.currencies.ClientGUI - Setting the table of currencies for the first time
2015-01-17 13:56:34,207  [AWT-EventQueue-0]   il.ac.hit.currencies.ClientGUI - Gui is loaded
2015-01-17 13:56:34,640  [AWT-EventQueue-0]   il.ac.hit.currencies.ClientGUI - Application is running
2015-01-17 13:56:36,390  [AWT-EventQueue-0]   il.ac.hit.currencies.ClientGUI - User exit the application
2015-01-17 13:56:40,870  [AWT-EventQueue-0]   il.ac.hit.currencies.ClientGUI - Model is created
2015-01-17 13:56:41,048  [AWT-EventQueue-0]   il.ac.hit.currencies.ClientGUI - Setting the table of currencies for the first time
2015-01-17 13:56:41,084  [AWT-EventQueue-0]   il.ac.hit.currencies.ClientGUI - Gui is loaded
2015-01-17 13:56:41,416  [AWT-EventQueue-0]   il.ac.hit.currencies.ClientGUI - Application is running
2015-01-17 13:56:43,627  [AWT-EventQueue-0]   il.ac.hit.currencies.ClientGUI - User exit the application
2015-01-17 13:56:48,419  [AWT-EventQueue-0]   il.ac.hit.currencies.ClientGUI - Model is created
2015-01-17 13:56:48,568  [AWT-EventQueue-0]   il.ac.hit.currencies.ClientGUI - Setting the table of currencies for the first time
2015-01-17 13:56:48,590  [AWT-EventQueue-0]   il.ac.hit.currencies.ClientGUI - Gui is loaded
2015-01-17 13:56:48,910  [AWT-EventQueue-0]   il.ac.hit.currencies.ClientGUI - Application is running
2015-01-17 13:56:53,737  [AWT-EventQueue-0]   il.ac.hit.currencies.ClientGUI - User exit the application
2015-01-17 13:56:58,834  [AWT-EventQueue-0]   il.ac.hit.currencies.ClientGUI - Model is created
2015-01-17 13:56:59,057  [AWT-EventQueue-0]   il.ac.hit.currencies.ClientGUI - Setting the table of currencies for the first time
2015-01-17 13:56:59,089  [AWT-EventQueue-0]   il.ac.hit.currencies.ClientGUI - Gui is loaded
2015-01-17 13:56:59,488  [AWT-EventQueue-0]   il.ac.hit.currencies.ClientGUI - Application is running
2015-01-17 13:57:01,285  [AWT-EventQueue-0]   il.ac.hit.currencies.ClientGUI - User exit the application
2015-01-17 13:57:05,651  [AWT-EventQueue-0]   il.ac.hit.currencies.ClientGUI - Model is created
2015-01-17 13:57:05,821  [AWT-EventQueue-0]   il.ac.hit.currencies.ClientGUI - Setting the table of currencies for the first time
2015-01-17 13:57:05,840  [AWT-EventQueue-0]   il.ac.hit.currencies.ClientGUI - Gui is loaded
2015-01-17 13:57:06,166  [AWT-EventQueue-0]   il.ac.hit.currencies.ClientGUI - Application is running
2015-01-17 13:57:07,572  [AWT-EventQueue-0]   il.ac.hit.currencies.ClientGUI - User exit the application
2015-01-17 13:57:12,993  [AWT-EventQueue-0]   il.ac.hit.currencies.ClientGUI - Model is created
2015-01-17 13:57:13,128  [AWT-EventQueue-0]   il.ac.hit.currencies.ClientGUI - Setting the table of currencies for the first time
2015-01-17 13:57:13,152  [AWT-EventQueue-0]   il.ac.hit.currencies.ClientGUI - Gui is loaded
2015-01-17 13:57:13,512  [AWT-EventQueue-0]   il.ac.hit.currencies.ClientGUI - Application is running
2015-01-17 13:57:15,089  [AWT-EventQueue-0]   il.ac.hit.currencies.ClientGUI - User exit the application
2015-01-17 13:57:19,764  [AWT-EventQueue-0]   il.ac.hit.currencies.ClientGUI - Model is created
2015-01-17 13:57:19,943  [AWT-EventQueue-0]   il.ac.hit.currencies.ClientGUI - Setting the table of currencies for the first time
2015-01-17 13:57:19,996  [AWT-EventQueue-0]   il.ac.hit.currencies.ClientGUI - Gui is loaded
2015-01-17 13:57:20,342  [AWT-EventQueue-0]   il.ac.hit.currencies.ClientGUI - Application is running
2015-01-17 13:57:21,981  [AWT-EventQueue-0]   il.ac.hit.currencies.ClientGUI - User exit the application
2015-01-17 13:57:27,113  [AWT-EventQueue-0]   il.ac.hit.currencies.ClientGUI - Model is created
2015-01-17 13:57:27,313  [AWT-EventQueue-0]   il.ac.hit.currencies.ClientGUI - Setting the table of currencies for the first time
2015-01-17 13:57:27,346  [AWT-EventQueue-0]   il.ac.hit.currencies.ClientGUI - Gui is loaded
2015-01-17 13:57:27,727  [AWT-EventQueue-0]   il.ac.hit.currencies.ClientGUI - Application is running
2015-01-17 13:57:29,755  [AWT-EventQueue-0]   il.ac.hit.currencies.ClientGUI - User exit the application
2015-01-17 13:57:34,622  [AWT-EventQueue-0]   il.ac.hit.currencies.ClientGUI - Model is created
2015-01-17 13:57:34,911  [AWT-EventQueue-0]   il.ac.hit.currencies.ClientGUI - Setting the table of currencies for the first time
2015-01-17 13:57:34,943  [AWT-EventQueue-0]   il.ac.hit.currencies.ClientGUI - Gui is loaded
2015-01-17 13:57:35,384  [AWT-EventQueue-0]   il.ac.hit.currencies.ClientGUI - Application is running
2015-01-17 13:57:36,830  [AWT-EventQueue-0]   il.ac.hit.currencies.ClientGUI - User exit the application
2015-01-17 13:57:42,335  [AWT-EventQueue-0]   il.ac.hit.currencies.ClientGUI - Model is created
2015-01-17 13:57:42,479  [AWT-EventQueue-0]   il.ac.hit.currencies.ClientGUI - Setting the table of currencies for the first time
2015-01-17 13:57:42,498  [AWT-EventQueue-0]   il.ac.hit.currencies.ClientGUI - Gui is loaded
2015-01-17 13:57:42,920  [AWT-EventQueue-0]   il.ac.hit.currencies.ClientGUI - Application is running
2015-01-17 13:57:44,225  [AWT-EventQueue-0]   il.ac.hit.currencies.ClientGUI - User exit the application
2015-01-17 13:57:49,560  [AWT-EventQueue-0]   il.ac.hit.currencies.ClientGUI - Model is created
2015-01-17 13:57:49,703  [AWT-EventQueue-0]   il.ac.hit.currencies.ClientGUI - Setting the table of currencies for the first time
2015-01-17 13:57:49,729  [AWT-EventQueue-0]   il.ac.hit.currencies.ClientGUI - Gui is loaded
2015-01-17 13:57:50,237  [AWT-EventQueue-0]   il.ac.hit.currencies.ClientGUI - Application is running
2015-01-17 13:57:51,705  [AWT-EventQueue-0]   il.ac.hit.currencies.ClientGUI - User exit the application
2015-01-17 13:57:56,220  [AWT-EventQueue-0]   il.ac.hit.currencies.ClientGUI - Model is created
2015-01-17 13:57:56,361  [AWT-EventQueue-0]   il.ac.hit.currencies.ClientGUI - Setting the table of currencies for the first time
2015-01-17 13:57:56,397  [AWT-EventQueue-0]   il.ac.hit.currencies.ClientGUI - Gui is loaded
2015-01-17 13:57:56,793  [AWT-EventQueue-0]   il.ac.hit.currencies.ClientGUI - Application is running
2015-01-17 13:57:58,866  [AWT-EventQueue-0]   il.ac.hit.currencies.ClientGUI - User exit the application
2015-01-17 13:58:09,129  [AWT-EventQueue-0]   il.ac.hit.currencies.ClientGUI - Model is created
2015-01-17 13:58:26,386  [AWT-EventQueue-0]   il.ac.hit.currencies.ClientGUI - Currencies data was not created due to :nullcould not read object
2015-01-17 14:01:05,482  [AWT-EventQueue-0]   il.ac.hit.currencies.ClientGUI - Model is created
2015-01-17 14:01:05,653  [AWT-EventQueue-0]   il.ac.hit.currencies.ClientGUI - Setting the table of currencies for the first time
2015-01-17 14:01:05,688  [AWT-EventQueue-0]   il.ac.hit.currencies.ClientGUI - Gui is loaded
2015-01-17 14:01:06,117  [AWT-EventQueue-0]   il.ac.hit.currencies.ClientGUI - Application is running
2015-01-17 14:01:09,188  [AWT-EventQueue-0]   il.ac.hit.currencies.ClientGUI - User exit the application
2015-01-17 14:01:14,348  [AWT-EventQueue-0]   il.ac.hit.currencies.ClientGUI - Model is created
2015-01-17 14:01:14,516  [AWT-EventQueue-0]   il.ac.hit.currencies.ClientGUI - Setting the table of currencies for the first time
2015-01-17 14:01:14,554  [AWT-EventQueue-0]   il.ac.hit.currencies.ClientGUI - Gui is loaded
2015-01-17 14:01:15,115  [AWT-EventQueue-0]   il.ac.hit.currencies.ClientGUI - Application is running
2015-01-17 14:01:16,522  [AWT-EventQueue-0]   il.ac.hit.currencies.ClientGUI - User exit the application
2015-01-17 14:01:21,527  [AWT-EventQueue-0]   il.ac.hit.currencies.ClientGUI - Model is created
2015-01-17 14:02:21,778  [AWT-EventQueue-0]   il.ac.hit.currencies.ClientGUI - Model is created
2015-01-17 14:02:21,945  [AWT-EventQueue-0]   il.ac.hit.currencies.ClientGUI - Setting the table of currencies for the first time
2015-01-17 14:02:21,986  [AWT-EventQueue-0]   il.ac.hit.currencies.ClientGUI - Gui is loaded
2015-01-17 14:02:22,459  [AWT-EventQueue-0]   il.ac.hit.currencies.ClientGUI - Application is running
2015-01-17 14:02:24,353  [AWT-EventQueue-0]   il.ac.hit.currencies.ClientGUI - User exit the application
2015-01-17 14:02:29,200  [AWT-EventQueue-0]   il.ac.hit.currencies.ClientGUI - Model is created
2015-01-17 14:02:29,358  [AWT-EventQueue-0]   il.ac.hit.currencies.ClientGUI - Setting the table of currencies for the first time
2015-01-17 14:02:29,385  [AWT-EventQueue-0]   il.ac.hit.currencies.ClientGUI - Gui is loaded
2015-01-17 14:02:29,824  [AWT-EventQueue-0]   il.ac.hit.currencies.ClientGUI - Application is running
2015-01-17 14:02:33,751  [AWT-EventQueue-0]   il.ac.hit.currencies.ClientGUI - User exit the application
2015-01-17 14:02:40,232  [AWT-EventQueue-0]   il.ac.hit.currencies.ClientGUI - Model is created
2015-01-17 14:02:40,459  [AWT-EventQueue-0]   il.ac.hit.currencies.ClientGUI - Setting the table of currencies for the first time
2015-01-17 14:02:40,486  [AWT-EventQueue-0]   il.ac.hit.currencies.ClientGUI - Gui is loaded
2015-01-17 14:02:41,008  [AWT-EventQueue-0]   il.ac.hit.currencies.ClientGUI - Application is running
2015-01-17 14:02:42,544  [AWT-EventQueue-0]   il.ac.hit.currencies.ClientGUI - User exit the application
2015-01-17 14:02:48,125  [AWT-EventQueue-0]   il.ac.hit.currencies.ClientGUI - Model is created
2015-01-17 14:02:48,369  [AWT-EventQueue-0]   il.ac.hit.currencies.ClientGUI - Setting the table of currencies for the first time
2015-01-17 14:02:48,436  [AWT-EventQueue-0]   il.ac.hit.currencies.ClientGUI - Gui is loaded
2015-01-17 14:02:48,881  [AWT-EventQueue-0]   il.ac.hit.currencies.ClientGUI - Application is running
2015-01-17 14:02:50,209  [AWT-EventQueue-0]   il.ac.hit.currencies.ClientGUI - User exit the application
2015-01-17 14:02:56,016  [AWT-EventQueue-0]   il.ac.hit.currencies.ClientGUI - Model is created
2015-01-17 14:02:56,182  [AWT-EventQueue-0]   il.ac.hit.currencies.ClientGUI - Setting the table of currencies for the first time
2015-01-17 14:02:56,215  [AWT-EventQueue-0]   il.ac.hit.currencies.ClientGUI - Gui is loaded
2015-01-17 14:02:56,602  [AWT-EventQueue-0]   il.ac.hit.currencies.ClientGUI - Application is running
2015-01-17 14:02:57,936  [AWT-EventQueue-0]   il.ac.hit.currencies.ClientGUI - User exit the application
2015-01-17 14:03:02,187  [AWT-EventQueue-0]   il.ac.hit.currencies.ClientGUI - Model is created
2015-01-17 14:03:02,355  [AWT-EventQueue-0]   il.ac.hit.currencies.ClientGUI - Setting the table of currencies for the first time
2015-01-17 14:03:02,396  [AWT-EventQueue-0]   il.ac.hit.currencies.ClientGUI - Gui is loaded
2015-01-17 14:03:02,783  [AWT-EventQueue-0]   il.ac.hit.currencies.ClientGUI - Application is running
2015-01-17 14:03:04,840  [AWT-EventQueue-0]   il.ac.hit.currencies.ClientGUI - User exit the application
2015-01-17 14:03:09,200  [AWT-EventQueue-0]   il.ac.hit.currencies.ClientGUI - Model is created
2015-01-17 14:03:09,340  [AWT-EventQueue-0]   il.ac.hit.currencies.ClientGUI - Setting the table of currencies for the first time
2015-01-17 14:03:09,369  [AWT-EventQueue-0]   il.ac.hit.currencies.ClientGUI - Gui is loaded
2015-01-17 14:03:09,891  [AWT-EventQueue-0]   il.ac.hit.currencies.ClientGUI - Application is running
2015-01-17 14:03:11,246  [AWT-EventQueue-0]   il.ac.hit.currencies.ClientGUI - User exit the application
2015-01-17 14:03:16,498  [AWT-EventQueue-0]   il.ac.hit.currencies.ClientGUI - Model is created
2015-01-17 14:03:17,707  [AWT-EventQueue-0]   il.ac.hit.currencies.ClientGUI - Setting the table of currencies for the first time
2015-01-17 14:03:17,729  [AWT-EventQueue-0]   il.ac.hit.currencies.ClientGUI - Gui is loaded
2015-01-17 14:03:18,189  [AWT-EventQueue-0]   il.ac.hit.currencies.ClientGUI - Application is running
2015-01-17 14:03:19,668  [AWT-EventQueue-0]   il.ac.hit.currencies.ClientGUI - User exit the application
2015-01-17 14:03:24,913  [AWT-EventQueue-0]   il.ac.hit.currencies.ClientGUI - Model is created
2015-01-17 14:03:25,067  [AWT-EventQueue-0]   il.ac.hit.currencies.ClientGUI - Setting the table of currencies for the first time
2015-01-17 14:03:25,114  [AWT-EventQueue-0]   il.ac.hit.currencies.ClientGUI - Gui is loaded
2015-01-17 14:03:25,673  [AWT-EventQueue-0]   il.ac.hit.currencies.ClientGUI - Application is running
2015-01-17 14:03:28,689  [AWT-EventQueue-0]   il.ac.hit.currencies.ClientGUI - User exit the application
2015-01-17 14:03:33,374  [AWT-EventQueue-0]   il.ac.hit.currencies.ClientGUI - Model is created
2015-01-17 14:03:33,518  [AWT-EventQueue-0]   il.ac.hit.currencies.ClientGUI - Setting the table of currencies for the first time
2015-01-17 14:03:33,539  [AWT-EventQueue-0]   il.ac.hit.currencies.ClientGUI - Gui is loaded
2015-01-17 14:03:33,967  [AWT-EventQueue-0]   il.ac.hit.currencies.ClientGUI - Application is running
2015-01-17 14:03:35,424  [AWT-EventQueue-0]   il.ac.hit.currencies.ClientGUI - User exit the application
2015-01-17 14:03:40,555  [AWT-EventQueue-0]   il.ac.hit.currencies.ClientGUI - Model is created
2015-01-17 14:03:40,715  [AWT-EventQueue-0]   il.ac.hit.currencies.ClientGUI - Setting the table of currencies for the first time
2015-01-17 14:03:40,735  [AWT-EventQueue-0]   il.ac.hit.currencies.ClientGUI - Gui is loaded
2015-01-17 14:03:41,127  [AWT-EventQueue-0]   il.ac.hit.currencies.ClientGUI - Application is running
2015-01-17 14:03:42,853  [AWT-EventQueue-0]   il.ac.hit.currencies.ClientGUI - User exit the application
2015-01-17 14:03:47,574  [AWT-EventQueue-0]   il.ac.hit.currencies.ClientGUI - Model is created
2015-01-17 14:03:47,739  [AWT-EventQueue-0]   il.ac.hit.currencies.ClientGUI - Setting the table of currencies for the first time
2015-01-17 14:03:47,774  [AWT-EventQueue-0]   il.ac.hit.currencies.ClientGUI - Gui is loaded
2015-01-17 14:03:48,155  [AWT-EventQueue-0]   il.ac.hit.currencies.ClientGUI - Application is running
2015-01-17 14:03:49,662  [AWT-EventQueue-0]   il.ac.hit.currencies.ClientGUI - User exit the application
2015-01-17 14:03:55,000  [AWT-EventQueue-0]   il.ac.hit.currencies.ClientGUI - Model is created
2015-01-17 14:03:55,121  [AWT-EventQueue-0]   il.ac.hit.currencies.ClientGUI - Setting the table of currencies for the first time
2015-01-17 14:03:55,146  [AWT-EventQueue-0]   il.ac.hit.currencies.ClientGUI - Gui is loaded
2015-01-17 14:03:55,612  [AWT-EventQueue-0]   il.ac.hit.currencies.ClientGUI - Application is running
2015-01-17 14:04:02,033  [AWT-EventQueue-0]   il.ac.hit.currencies.ClientGUI - User exit the application
2015-01-17 14:04:08,568  [AWT-EventQueue-0]   il.ac.hit.currencies.ClientGUI - Model is created
2015-01-17 14:04:08,753  [AWT-EventQueue-0]   il.ac.hit.currencies.ClientGUI - Setting the table of currencies for the first time
2015-01-17 14:04:08,779  [AWT-EventQueue-0]   il.ac.hit.currencies.ClientGUI - Gui is loaded
2015-01-17 14:04:09,135  [AWT-EventQueue-0]   il.ac.hit.currencies.ClientGUI - Application is running
2015-01-17 14:04:13,977  [AWT-EventQueue-0]   il.ac.hit.currencies.ClientGUI - User exit the application
2015-01-17 14:04:19,326  [AWT-EventQueue-0]   il.ac.hit.currencies.ClientGUI - Model is created
2015-01-17 14:09:42,460  [AWT-EventQueue-0]   il.ac.hit.currencies.ClientGUI - Model is created
2015-01-17 14:10:26,481  [AWT-EventQueue-0]   il.ac.hit.currencies.ClientGUI - Model is created
2015-01-17 14:11:36,692  [AWT-EventQueue-0]   il.ac.hit.currencies.ClientGUI - Model is created
2015-01-17 14:11:36,945  [AWT-EventQueue-0]   il.ac.hit.currencies.ClientGUI - Setting the table of currencies for the first time
2015-01-17 14:11:36,970  [AWT-EventQueue-0]   il.ac.hit.currencies.ClientGUI - Gui is loaded
2015-01-17 14:11:37,355  [AWT-EventQueue-0]   il.ac.hit.currencies.ClientGUI - Application is running
2015-01-17 14:11:40,284  [AWT-EventQueue-0]   il.ac.hit.currencies.ClientGUI - User exit the application
2015-01-17 14:11:45,332  [AWT-EventQueue-0]   il.ac.hit.currencies.ClientGUI - Model is created
2015-01-17 14:11:45,497  [AWT-EventQueue-0]   il.ac.hit.currencies.ClientGUI - Setting the table of currencies for the first time
2015-01-17 14:11:45,516  [AWT-EventQueue-0]   il.ac.hit.currencies.ClientGUI - Gui is loaded
2015-01-17 14:11:45,898  [AWT-EventQueue-0]   il.ac.hit.currencies.ClientGUI - Application is running
2015-01-17 14:11:48,866  [AWT-EventQueue-0]   il.ac.hit.currencies.ClientGUI - User exit the application
2015-01-17 14:11:53,616  [AWT-EventQueue-0]   il.ac.hit.currencies.ClientGUI - Model is created
2015-01-17 14:11:53,775  [AWT-EventQueue-0]   il.ac.hit.currencies.ClientGUI - Setting the table of currencies for the first time
2015-01-17 14:11:53,826  [AWT-EventQueue-0]   il.ac.hit.currencies.ClientGUI - Gui is loaded
2015-01-17 14:11:54,211  [AWT-EventQueue-0]   il.ac.hit.currencies.ClientGUI - Application is running
2015-01-17 14:11:56,276  [AWT-EventQueue-0]   il.ac.hit.currencies.ClientGUI - User exit the application
2015-01-17 14:12:01,656  [AWT-EventQueue-0]   il.ac.hit.currencies.ClientGUI - Model is created
2015-01-17 14:12:01,986  [AWT-EventQueue-0]   il.ac.hit.currencies.ClientGUI - Setting the table of currencies for the first time
2015-01-17 14:12:02,016  [AWT-EventQueue-0]   il.ac.hit.currencies.ClientGUI - Gui is loaded
2015-01-17 14:12:02,498  [AWT-EventQueue-0]   il.ac.hit.currencies.ClientGUI - Application is running
2015-01-17 14:12:04,054  [AWT-EventQueue-0]   il.ac.hit.currencies.ClientGUI - User exit the application
2015-01-17 14:12:08,725  [AWT-EventQueue-0]   il.ac.hit.currencies.ClientGUI - Model is created
2015-01-17 14:12:08,849  [AWT-EventQueue-0]   il.ac.hit.currencies.ClientGUI - Setting the table of currencies for the first time
2015-01-17 14:12:08,878  [AWT-EventQueue-0]   il.ac.hit.currencies.ClientGUI - Gui is loaded
2015-01-17 14:12:09,397  [AWT-EventQueue-0]   il.ac.hit.currencies.ClientGUI - Application is running
2015-01-17 14:12:15,338  [AWT-EventQueue-0]   il.ac.hit.currencies.ClientGUI - User exit the application
2015-01-17 14:12:19,896  [AWT-EventQueue-0]   il.ac.hit.currencies.ClientGUI - Model is created
2015-01-17 14:12:20,043  [AWT-EventQueue-0]   il.ac.hit.currencies.ClientGUI - Setting the table of currencies for the first time
2015-01-17 14:12:20,097  [AWT-EventQueue-0]   il.ac.hit.currencies.ClientGUI - Gui is loaded
2015-01-17 14:12:20,501  [AWT-EventQueue-0]   il.ac.hit.currencies.ClientGUI - Application is running
2015-01-17 14:12:23,119  [AWT-EventQueue-0]   il.ac.hit.currencies.ClientGUI - User exit the application
2015-01-17 14:12:27,882  [AWT-EventQueue-0]   il.ac.hit.currencies.ClientGUI - Model is created
2015-01-17 14:14:14,625  [AWT-EventQueue-0]   il.ac.hit.currencies.ClientGUI - Model is created
2015-01-17 14:21:53,853  [AWT-EventQueue-0]   il.ac.hit.currencies.ClientGUI - Model is created
2015-01-17 14:21:54,011  [AWT-EventQueue-0]   il.ac.hit.currencies.ClientGUI - Setting the table of currencies for the first time
2015-01-17 14:21:54,031  [AWT-EventQueue-0]   il.ac.hit.currencies.ClientGUI - Gui is loaded
2015-01-17 14:21:54,460  [AWT-EventQueue-0]   il.ac.hit.currencies.ClientGUI - Application is running
2015-01-17 14:21:55,777  [AWT-EventQueue-0]   il.ac.hit.currencies.ClientGUI - User exit the application
2015-01-17 14:22:04,507  [AWT-EventQueue-0]   il.ac.hit.currencies.ClientGUI - Model is created
2015-01-17 14:22:04,685  [AWT-EventQueue-0]   il.ac.hit.currencies.ClientGUI - Setting the table of currencies for the first time
2015-01-17 14:22:04,725  [AWT-EventQueue-0]   il.ac.hit.currencies.ClientGUI - Gui is loaded
2015-01-17 14:22:05,121  [AWT-EventQueue-0]   il.ac.hit.currencies.ClientGUI - Application is running
2015-01-17 14:22:06,914  [AWT-EventQueue-0]   il.ac.hit.currencies.ClientGUI - User exit the application
2015-01-17 14:22:14,805  [AWT-EventQueue-0]   il.ac.hit.currencies.ClientGUI - Model is created
2015-01-17 14:22:15,007  [AWT-EventQueue-0]   il.ac.hit.currencies.ClientGUI - Setting the table of currencies for the first time
2015-01-17 14:22:15,040  [AWT-EventQueue-0]   il.ac.hit.currencies.ClientGUI - Gui is loaded
2015-01-17 14:22:15,473  [AWT-EventQueue-0]   il.ac.hit.currencies.ClientGUI - Application is running
2015-01-17 14:22:17,643  [AWT-EventQueue-0]   il.ac.hit.currencies.ClientGUI - User exit the application
2015-01-17 14:22:23,086  [AWT-EventQueue-0]   il.ac.hit.currencies.ClientGUI - Model is created
2015-01-17 14:22:23,234  [AWT-EventQueue-0]   il.ac.hit.currencies.ClientGUI - Setting the table of currencies for the first time
2015-01-17 14:22:23,268  [AWT-EventQueue-0]   il.ac.hit.currencies.ClientGUI - Gui is loaded
2015-01-17 14:22:23,630  [AWT-EventQueue-0]   il.ac.hit.currencies.ClientGUI - Application is running
2015-01-17 14:22:28,579  [AWT-EventQueue-0]   il.ac.hit.currencies.ClientGUI - User exit the application
2015-01-17 14:22:34,301  [AWT-EventQueue-0]   il.ac.hit.currencies.ClientGUI - Model is created
2015-01-17 14:22:34,449  [AWT-EventQueue-0]   il.ac.hit.currencies.ClientGUI - Setting the table of currencies for the first time
2015-01-17 14:22:34,488  [AWT-EventQueue-0]   il.ac.hit.currencies.ClientGUI - Gui is loaded
2015-01-17 14:22:34,845  [AWT-EventQueue-0]   il.ac.hit.currencies.ClientGUI - Application is running
2015-01-17 14:22:37,723  [AWT-EventQueue-0]   il.ac.hit.currencies.ClientGUI - User exit the application
2015-01-17 14:22:42,750  [AWT-EventQueue-0]   il.ac.hit.currencies.ClientGUI - Model is created
2015-01-17 14:22:42,921  [AWT-EventQueue-0]   il.ac.hit.currencies.ClientGUI - Setting the table of currencies for the first time
2015-01-17 14:22:42,968  [AWT-EventQueue-0]   il.ac.hit.currencies.ClientGUI - Gui is loaded
2015-01-17 14:22:43,340  [AWT-EventQueue-0]   il.ac.hit.currencies.ClientGUI - Application is running
2015-01-17 14:22:45,748  [AWT-EventQueue-0]   il.ac.hit.currencies.ClientGUI - User exit the application
2015-01-17 14:22:50,651  [AWT-EventQueue-0]   il.ac.hit.currencies.ClientGUI - Model is created
2015-01-17 14:22:50,867  [AWT-EventQueue-0]   il.ac.hit.currencies.ClientGUI - Setting the table of currencies for the first time
2015-01-17 14:22:50,889  [AWT-EventQueue-0]   il.ac.hit.currencies.ClientGUI - Gui is loaded
2015-01-17 14:22:51,480  [AWT-EventQueue-0]   il.ac.hit.currencies.ClientGUI - Application is running
2015-01-17 14:22:53,457  [AWT-EventQueue-0]   il.ac.hit.currencies.ClientGUI - User exit the application
2015-01-17 14:22:57,738  [AWT-EventQueue-0]   il.ac.hit.currencies.ClientGUI - Model is created
2015-01-17 14:22:57,876  [AWT-EventQueue-0]   il.ac.hit.currencies.ClientGUI - Setting the table of currencies for the first time
2015-01-17 14:22:57,895  [AWT-EventQueue-0]   il.ac.hit.currencies.ClientGUI - Gui is loaded
2015-01-17 14:22:58,294  [AWT-EventQueue-0]   il.ac.hit.currencies.ClientGUI - Application is running
2015-01-17 14:22:59,957  [AWT-EventQueue-0]   il.ac.hit.currencies.ClientGUI - User exit the application
2015-01-17 14:23:04,670  [AWT-EventQueue-0]   il.ac.hit.currencies.ClientGUI - Model is created
2015-01-17 14:23:04,947  [AWT-EventQueue-0]   il.ac.hit.currencies.ClientGUI - Setting the table of currencies for the first time
2015-01-17 14:23:04,995  [AWT-EventQueue-0]   il.ac.hit.currencies.ClientGUI - Gui is loaded
2015-01-17 14:23:05,554  [AWT-EventQueue-0]   il.ac.hit.currencies.ClientGUI - Application is running
2015-01-17 14:23:07,709  [AWT-EventQueue-0]   il.ac.hit.currencies.ClientGUI - User exit the application
2015-01-17 14:23:12,041  [AWT-EventQueue-0]   il.ac.hit.currencies.ClientGUI - Model is created
2015-01-17 14:23:12,178  [AWT-EventQueue-0]   il.ac.hit.currencies.ClientGUI - Setting the table of currencies for the first time
2015-01-17 14:23:12,200  [AWT-EventQueue-0]   il.ac.hit.currencies.ClientGUI - Gui is loaded
2015-01-17 14:23:12,582  [AWT-EventQueue-0]   il.ac.hit.currencies.ClientGUI - Application is running
2015-01-17 14:23:16,815  [AWT-EventQueue-0]   il.ac.hit.currencies.ClientGUI - User exit the application
2015-01-17 14:23:22,349  [AWT-EventQueue-0]   il.ac.hit.currencies.ClientGUI - Model is created
2015-01-17 14:23:22,511  [AWT-EventQueue-0]   il.ac.hit.currencies.ClientGUI - Setting the table of currencies for the first time
2015-01-17 14:23:22,540  [AWT-EventQueue-0]   il.ac.hit.currencies.ClientGUI - Gui is loaded
2015-01-17 14:23:22,915  [AWT-EventQueue-0]   il.ac.hit.currencies.ClientGUI - Application is running
2015-01-17 14:23:24,544  [AWT-EventQueue-0]   il.ac.hit.currencies.ClientGUI - User exit the application
2015-01-17 14:23:30,416  [AWT-EventQueue-0]   il.ac.hit.currencies.ClientGUI - Model is created
2015-01-17 14:23:30,659  [AWT-EventQueue-0]   il.ac.hit.currencies.ClientGUI - Setting the table of currencies for the first time
2015-01-17 14:23:30,688  [AWT-EventQueue-0]   il.ac.hit.currencies.ClientGUI - Gui is loaded
2015-01-17 14:23:31,054  [AWT-EventQueue-0]   il.ac.hit.currencies.ClientGUI - Application is running
2015-01-17 14:23:32,417  [AWT-EventQueue-0]   il.ac.hit.currencies.ClientGUI - User exit the application
2015-01-17 14:23:37,309  [AWT-EventQueue-0]   il.ac.hit.currencies.ClientGUI - Model is created
2015-01-17 14:23:37,480  [AWT-EventQueue-0]   il.ac.hit.currencies.ClientGUI - Setting the table of currencies for the first time
2015-01-17 14:23:37,512  [AWT-EventQueue-0]   il.ac.hit.currencies.ClientGUI - Gui is loaded
2015-01-17 14:23:37,881  [AWT-EventQueue-0]   il.ac.hit.currencies.ClientGUI - Application is running
2015-01-17 14:23:39,590  [AWT-EventQueue-0]   il.ac.hit.currencies.ClientGUI - User exit the application
2015-01-17 14:23:44,475  [AWT-EventQueue-0]   il.ac.hit.currencies.ClientGUI - Model is created
2015-01-17 14:23:44,611  [AWT-EventQueue-0]   il.ac.hit.currencies.ClientGUI - Setting the table of currencies for the first time
2015-01-17 14:23:44,634  [AWT-EventQueue-0]   il.ac.hit.currencies.ClientGUI - Gui is loaded
2015-01-17 14:23:45,081  [AWT-EventQueue-0]   il.ac.hit.currencies.ClientGUI - Application is running
2015-01-17 14:24:01,901  [AWT-EventQueue-0]   il.ac.hit.currencies.ClientGUI - Model is created
2015-01-17 14:24:02,122  [AWT-EventQueue-0]   il.ac.hit.currencies.ClientGUI - Setting the table of currencies for the first time
2015-01-17 14:24:02,177  [AWT-EventQueue-0]   il.ac.hit.currencies.ClientGUI - Gui is loaded
2015-01-17 14:24:02,794  [AWT-EventQueue-0]   il.ac.hit.currencies.ClientGUI - Application is running
2015-01-17 14:24:14,586  [AWT-EventQueue-0]   il.ac.hit.currencies.ClientGUI - User exit the application
2015-01-17 14:24:21,603  [AWT-EventQueue-0]   il.ac.hit.currencies.ClientGUI - Model is created
2015-01-17 14:24:22,616  [AWT-EventQueue-0]   il.ac.hit.currencies.ClientGUI - Setting the table of currencies for the first time
2015-01-17 14:24:22,679  [AWT-EventQueue-0]   il.ac.hit.currencies.ClientGUI - Gui is loaded
2015-01-17 14:24:23,128  [AWT-EventQueue-0]   il.ac.hit.currencies.ClientGUI - Application is running
2015-01-17 14:24:25,540  [AWT-EventQueue-0]   il.ac.hit.currencies.ClientGUI - User exit the application
2015-01-17 14:27:47,794  [AWT-EventQueue-0]   il.ac.hit.currencies.ClientGUI - Model is created
2015-01-17 14:27:47,935  [AWT-EventQueue-0]   il.ac.hit.currencies.ClientGUI - Setting the table of currencies for the first time
2015-01-17 14:27:47,955  [AWT-EventQueue-0]   il.ac.hit.currencies.ClientGUI - Gui is loaded
2015-01-17 14:27:48,262  [AWT-EventQueue-0]   il.ac.hit.currencies.ClientGUI - Application is running
2015-01-17 14:27:54,517  [AWT-EventQueue-0]   il.ac.hit.currencies.ClientGUI - User exit the application
2015-01-17 14:28:32,085  [AWT-EventQueue-0]   il.ac.hit.currencies.ClientGUI - Model is created
2015-01-17 14:28:32,206  [AWT-EventQueue-0]   il.ac.hit.currencies.ClientGUI - Setting the table of currencies for the first time
2015-01-17 14:28:32,226  [AWT-EventQueue-0]   il.ac.hit.currencies.ClientGUI - Gui is loaded
2015-01-17 14:28:32,574  [AWT-EventQueue-0]   il.ac.hit.currencies.ClientGUI - Application is running
2015-01-17 14:28:38,168  [AWT-EventQueue-0]   il.ac.hit.currencies.ClientGUI - User exit the application
2015-01-17 14:28:49,174  [AWT-EventQueue-0]   il.ac.hit.currencies.ClientGUI - Model is created
2015-01-17 14:28:49,314  [AWT-EventQueue-0]   il.ac.hit.currencies.ClientGUI - Setting the table of currencies for the first time
2015-01-17 14:28:49,354  [AWT-EventQueue-0]   il.ac.hit.currencies.ClientGUI - Gui is loaded
2015-01-17 14:28:49,706  [AWT-EventQueue-0]   il.ac.hit.currencies.ClientGUI - Application is running
2015-01-17 14:33:47,095  [AWT-EventQueue-0]   il.ac.hit.currencies.ClientGUI - User exit the application
2015-01-17 14:33:53,869  [AWT-EventQueue-0]   il.ac.hit.currencies.ClientGUI - Model is created
2015-01-17 14:33:57,007  [AWT-EventQueue-0]   il.ac.hit.currencies.ClientGUI - Setting the table of currencies for the first time
2015-01-17 14:33:57,025  [AWT-EventQueue-0]   il.ac.hit.currencies.ClientGUI - Gui is loaded
2015-01-17 14:33:57,279  [AWT-EventQueue-0]   il.ac.hit.currencies.ClientGUI - Application is running
2015-01-17 14:34:12,819  [AWT-EventQueue-0]   il.ac.hit.currencies.ClientGUI - User is trying to convert money
2015-01-17 14:34:20,853  [AWT-EventQueue-0]   il.ac.hit.currencies.ClientGUI - Please enter only numbers in the text field
2015-01-17 14:34:20,862  [AWT-EventQueue-0]   il.ac.hit.currencies.ClientGUI - Convert method executed
2015-01-17 14:34:23,702  [AWT-EventQueue-0]   il.ac.hit.currencies.ClientGUI - User exit the application
2015-01-17 14:35:51,397  [AWT-EventQueue-0]   il.ac.hit.currencies.ClientGUI - Model is created
2015-01-17 14:35:51,557  [AWT-EventQueue-0]   il.ac.hit.currencies.ClientGUI - Setting the table of currencies for the first time
2015-01-17 14:35:51,593  [AWT-EventQueue-0]   il.ac.hit.currencies.ClientGUI - Gui is loaded
2015-01-17 14:35:52,034  [AWT-EventQueue-0]   il.ac.hit.currencies.ClientGUI - Application is running
2015-01-17 14:35:58,870  [AWT-EventQueue-0]   il.ac.hit.currencies.ClientGUI - User is trying to convert money
2015-01-17 14:36:01,900  [AWT-EventQueue-0]   il.ac.hit.currencies.ClientGUI - User didn't enter only numbers in the text field
2015-01-17 14:36:01,925  [AWT-EventQueue-0]   il.ac.hit.currencies.ClientGUI - Convert method executed
2015-01-17 14:36:05,272  [AWT-EventQueue-0]   il.ac.hit.currencies.ClientGUI - User exit the application
2015-01-17 18:51:59,649  [AWT-EventQueue-0]   il.ac.hit.currencies.ClientGUI - Model is created
2015-01-17 18:52:03,562  [AWT-EventQueue-0]   il.ac.hit.currencies.ClientGUI - Setting the table of currencies for the first time
2015-01-17 18:52:03,618  [AWT-EventQueue-0]   il.ac.hit.currencies.ClientGUI - Gui is loaded
2015-01-17 18:52:04,339  [AWT-EventQueue-0]   il.ac.hit.currencies.ClientGUI - Application is running
2015-01-17 18:52:40,791  [AWT-EventQueue-0]   il.ac.hit.currencies.ClientGUI - User exit the application
2015-01-17 19:13:58,752  [AWT-EventQueue-0]   il.ac.hit.currencies.ClientGUI - Model is created
2015-01-17 19:13:59,559  [AWT-EventQueue-0]   il.ac.hit.currencies.ClientGUI - Setting the table of currencies for the first time
2015-01-17 19:13:59,606  [AWT-EventQueue-0]   il.ac.hit.currencies.ClientGUI - Gui is loaded
2015-01-17 19:14:01,554  [AWT-EventQueue-0]   il.ac.hit.currencies.ClientGUI - Application is running
2015-01-17 19:14:05,597  [AWT-EventQueue-0]   il.ac.hit.currencies.ClientGUI - User exit the application
2015-01-17 20:55:35,160  [AWT-EventQueue-0]   il.ac.hit.currencies.ClientGUI - Model is created
2015-01-17 20:55:35,308  [AWT-EventQueue-0]   il.ac.hit.currencies.ClientGUI - Setting the table of currencies for the first time
2015-01-17 20:55:35,330  [AWT-EventQueue-0]   il.ac.hit.currencies.ClientGUI - Gui is loaded
2015-01-17 20:55:35,739  [AWT-EventQueue-0]   il.ac.hit.currencies.ClientGUI - Application is running
2015-01-17 20:55:37,607  [AWT-EventQueue-0]   il.ac.hit.currencies.ClientGUI - User exit the application
2015-01-17 20:55:41,833  [AWT-EventQueue-0]   il.ac.hit.currencies.ClientGUI - Model is created
2015-01-17 20:55:41,969  [AWT-EventQueue-0]   il.ac.hit.currencies.ClientGUI - Setting the table of currencies for the first time
2015-01-17 20:55:41,993  [AWT-EventQueue-0]   il.ac.hit.currencies.ClientGUI - Gui is loaded
2015-01-17 20:55:42,306  [AWT-EventQueue-0]   il.ac.hit.currencies.ClientGUI - Application is running
2015-01-17 20:55:47,680  [AWT-EventQueue-0]   il.ac.hit.currencies.ClientGUI - User is trying to convert money
2015-01-17 20:55:47,700  [AWT-EventQueue-0]   il.ac.hit.currencies.ClientGUI - Convert method executed
2015-01-17 20:55:55,478  [AWT-EventQueue-0]   il.ac.hit.currencies.ClientGUI - User is trying to convert money
2015-01-17 20:56:04,139  [AWT-EventQueue-0]   il.ac.hit.currencies.ClientGUI - Convert method failed to execute error: Currency Pound Great not found
2015-01-17 20:56:04,141  [AWT-EventQueue-0]   il.ac.hit.currencies.ClientGUI - Convert method executed
2015-01-17 20:56:08,572  [AWT-EventQueue-0]   il.ac.hit.currencies.ClientGUI - User is trying to convert money
2015-01-17 20:56:10,843  [AWT-EventQueue-0]   il.ac.hit.currencies.ClientGUI - Convert method failed to execute error: Currency Pound Great not found
2015-01-17 20:56:10,844  [AWT-EventQueue-0]   il.ac.hit.currencies.ClientGUI - Convert method executed
2015-01-17 20:56:12,603  [AWT-EventQueue-0]   il.ac.hit.currencies.ClientGUI - User is trying to convert money
2015-01-17 20:56:14,045  [AWT-EventQueue-0]   il.ac.hit.currencies.ClientGUI - Convert method failed to execute error: Currency Pound Great not found
2015-01-17 20:56:14,046  [AWT-EventQueue-0]   il.ac.hit.currencies.ClientGUI - Convert method executed
2015-01-17 20:56:16,650  [AWT-EventQueue-0]   il.ac.hit.currencies.ClientGUI - User exit the application
2015-01-17 20:56:22,161  [AWT-EventQueue-0]   il.ac.hit.currencies.ClientGUI - Model is created
2015-01-17 20:56:25,302  [AWT-EventQueue-0]   il.ac.hit.currencies.ClientGUI - Setting the table of currencies for the first time
2015-01-17 20:56:25,319  [AWT-EventQueue-0]   il.ac.hit.currencies.ClientGUI - Gui is loaded
2015-01-17 20:56:25,643  [AWT-EventQueue-0]   il.ac.hit.currencies.ClientGUI - Application is running
2015-01-17 20:56:33,547  [AWT-EventQueue-0]   il.ac.hit.currencies.ClientGUI - User is trying to convert money
2015-01-17 20:56:36,541  [AWT-EventQueue-0]   il.ac.hit.currencies.ClientGUI - Convert method failed to execute error: Currency Pound Great not found
2015-01-17 20:56:36,542  [AWT-EventQueue-0]   il.ac.hit.currencies.ClientGUI - Convert method executed
2015-01-17 20:56:42,785  [AWT-EventQueue-0]   il.ac.hit.currencies.ClientGUI - User is trying to convert money
2015-01-17 20:56:44,374  [AWT-EventQueue-0]   il.ac.hit.currencies.ClientGUI - Convert method failed to execute error: Currency Pound Great not found
2015-01-17 20:56:44,376  [AWT-EventQueue-0]   il.ac.hit.currencies.ClientGUI - Convert method executed
2015-01-17 20:56:47,380  [AWT-EventQueue-0]   il.ac.hit.currencies.ClientGUI - User is trying to convert money
2015-01-17 20:56:47,386  [AWT-EventQueue-0]   il.ac.hit.currencies.ClientGUI - Convert method executed
2015-01-17 20:56:53,089  [AWT-EventQueue-0]   il.ac.hit.currencies.ClientGUI - User is trying to convert money
2015-01-17 20:56:55,191  [AWT-EventQueue-0]   il.ac.hit.currencies.ClientGUI - Convert method failed to execute error: Currency Pound Great not found
2015-01-17 20:56:55,191  [AWT-EventQueue-0]   il.ac.hit.currencies.ClientGUI - Convert method executed
2015-01-17 20:56:56,587  [AWT-EventQueue-0]   il.ac.hit.currencies.ClientGUI - User exit the application
2015-01-17 21:09:58,549  [AWT-EventQueue-0]   il.ac.hit.currencies.ClientGUI - Model is created
2015-01-17 21:10:01,781  [AWT-EventQueue-0]   il.ac.hit.currencies.ClientGUI - Setting the table of currencies for the first time
2015-01-17 21:10:01,849  [AWT-EventQueue-0]   il.ac.hit.currencies.ClientGUI - Gui is loaded
2015-01-17 21:10:02,223  [AWT-EventQueue-0]   il.ac.hit.currencies.ClientGUI - Application is running
2015-01-17 21:10:14,931  [AWT-EventQueue-0]   il.ac.hit.currencies.ClientGUI - User is trying to convert money
2015-01-17 21:11:06,026  [AWT-EventQueue-0]   il.ac.hit.currencies.ClientGUI - Convert method executed
2015-01-17 21:11:11,622  [AWT-EventQueue-0]   il.ac.hit.currencies.ClientGUI - User exit the application
2015-01-17 21:11:22,642  [AWT-EventQueue-0]   il.ac.hit.currencies.ClientGUI - Model is created
2015-01-17 21:11:22,765  [AWT-EventQueue-0]   il.ac.hit.currencies.ClientGUI - Setting the table of currencies for the first time
2015-01-17 21:11:22,792  [AWT-EventQueue-0]   il.ac.hit.currencies.ClientGUI - Gui is loaded
2015-01-17 21:11:23,213  [AWT-EventQueue-0]   il.ac.hit.currencies.ClientGUI - Application is running
2015-01-17 21:11:27,793  [AWT-EventQueue-0]   il.ac.hit.currencies.ClientGUI - User is trying to convert money
2015-01-17 21:11:27,812  [AWT-EventQueue-0]   il.ac.hit.currencies.ClientGUI - Convert method executed
2015-01-17 21:11:34,866  [AWT-EventQueue-0]   il.ac.hit.currencies.ClientGUI - User is trying to convert money
2015-01-17 21:11:34,874  [AWT-EventQueue-0]   il.ac.hit.currencies.ClientGUI - Convert method executed
2015-01-17 21:11:41,908  [AWT-EventQueue-0]   il.ac.hit.currencies.ClientGUI - User is trying to convert money
2015-01-17 21:11:41,919  [AWT-EventQueue-0]   il.ac.hit.currencies.ClientGUI - Convert method executed
2015-01-17 21:16:09,491  [AWT-EventQueue-0]   il.ac.hit.currencies.ClientGUI - User exit the application
2015-01-17 21:16:16,930  [AWT-EventQueue-0]   il.ac.hit.currencies.ClientGUI - Model is created
2015-01-17 21:16:17,426  [AWT-EventQueue-0]   il.ac.hit.currencies.ClientGUI - Setting the table of currencies for the first time
2015-01-17 21:16:17,467  [AWT-EventQueue-0]   il.ac.hit.currencies.ClientGUI - Gui is loaded
2015-01-17 21:16:17,873  [AWT-EventQueue-0]   il.ac.hit.currencies.ClientGUI - Application is running
2015-01-17 21:21:17,421  [XMLSerializer thread]   il.ac.hit.currencies.ClientGUI - Table updated
2015-01-17 21:21:29,884  [AWT-EventQueue-0]   il.ac.hit.currencies.ClientGUI - User exit the application
2015-01-19 12:14:14,687  [AWT-EventQueue-0]   il.ac.hit.currencies.ClientGUI - Model is created
2015-01-19 12:14:20,858  [AWT-EventQueue-0]   il.ac.hit.currencies.ClientGUI - Setting the table of currencies for the first time
2015-01-19 12:14:21,135  [AWT-EventQueue-0]   il.ac.hit.currencies.ClientGUI - Gui is loaded
2015-01-19 12:14:27,386  [AWT-EventQueue-0]   il.ac.hit.currencies.ClientGUI - Application is running
2015-01-19 12:14:31,902  [AWT-EventQueue-0]   il.ac.hit.currencies.ClientGUI - User exit the application
2015-01-19 12:14:40,537  [AWT-EventQueue-0]   il.ac.hit.currencies.ClientGUI - Model is created
2015-01-19 12:14:40,726  [AWT-EventQueue-0]   il.ac.hit.currencies.ClientGUI - Setting the table of currencies for the first time
2015-01-19 12:14:40,763  [AWT-EventQueue-0]   il.ac.hit.currencies.ClientGUI - Gui is loaded
2015-01-19 12:14:41,209  [AWT-EventQueue-0]   il.ac.hit.currencies.ClientGUI - Application is running
2015-01-19 12:14:50,142  [AWT-EventQueue-0]   il.ac.hit.currencies.ClientGUI - User is trying to convert money
2015-01-19 12:14:50,148  [AWT-EventQueue-0]   il.ac.hit.currencies.ClientGUI - Convert method executed
2015-01-19 12:14:59,742  [AWT-EventQueue-0]   il.ac.hit.currencies.ClientGUI - User is trying to convert money
2015-01-19 12:14:59,748  [AWT-EventQueue-0]   il.ac.hit.currencies.ClientGUI - Convert method executed
2015-01-19 12:15:03,366  [AWT-EventQueue-0]   il.ac.hit.currencies.ClientGUI - User exit the application
2015-01-19 12:17:46,025  [AWT-EventQueue-0]   il.ac.hit.currencies.ClientGUI - Model is created
2015-01-19 12:17:46,282  [AWT-EventQueue-0]   il.ac.hit.currencies.ClientGUI - Setting the table of currencies for the first time
2015-01-19 12:17:46,312  [AWT-EventQueue-0]   il.ac.hit.currencies.ClientGUI - Gui is loaded
2015-01-19 12:17:47,337  [AWT-EventQueue-0]   il.ac.hit.currencies.ClientGUI - Application is running
2015-01-19 12:18:08,638  [AWT-EventQueue-0]   il.ac.hit.currencies.ClientGUI - User is trying to convert money
2015-01-19 12:18:11,026  [AWT-EventQueue-0]   il.ac.hit.currencies.ClientGUI - User didn't enter only numbers in the text field
2015-01-19 12:18:11,035  [AWT-EventQueue-0]   il.ac.hit.currencies.ClientGUI - Convert method executed
2015-01-19 12:18:15,166  [AWT-EventQueue-0]   il.ac.hit.currencies.ClientGUI - User is trying to convert money
2015-01-19 12:18:15,172  [AWT-EventQueue-0]   il.ac.hit.currencies.ClientGUI - Convert method executed
2015-01-19 12:22:46,737  [XMLSerializer thread]   il.ac.hit.currencies.ClientGUI - Table updated
